#
# There is insufficient memory for the Java Runtime Environment to continue.
# Native memory allocation (malloc) failed to allocate 1138896 bytes for Chunk::new
# Possible reasons:
#   The system is out of physical RAM or swap space
#   The process is running with CompressedOops enabled, and the Java Heap may be blocking the growth of the native heap
# Possible solutions:
#   Reduce memory load on the system
#   Increase physical memory or swap space
#   Check if swap backing store is full
#   Decrease Java heap size (-Xmx/-Xms)
#   Decrease number of Java threads
#   Decrease Java thread stack sizes (-Xss)
#   Set larger code cache with -XX:ReservedCodeCacheSize=
#   JVM is running with Unscaled Compressed Oops mode in which the Java heap is
#     placed in the first 4GB address space. The Java Heap base address is the
#     maximum limit for the native heap growth. Please use -XX:HeapBaseMinAddress
#     to set the Java Heap base and to place the Java Heap above 4GB virtual address.
# This output file may be truncated or incomplete.
#
#  Out of Memory Error (arena.cpp:168), pid=4308, tid=29600
#
# JRE version: Java(TM) SE Runtime Environment (21.0.1+12) (build 21.0.1+12-LTS-29)
# Java VM: Java HotSpot(TM) 64-Bit Server VM (21.0.1+12-LTS-29, mixed mode, sharing, tiered, compressed oops, compressed class ptrs, g1 gc, windows-amd64)
# No core dump will be written. Minidumps are not enabled by default on client versions of Windows
#

---------------  S U M M A R Y ------------

Command Line: -Dfile.encoding=UTF-8 -Dstdout.encoding=UTF-8 -Dstderr.encoding=UTF-8 -XX:+ShowCodeDetailsInExceptionMessages main.Main

Host: AMD A10-7800 Radeon R7, 12 Compute Cores 4C+8G , 4 cores, 7G,  Windows 10 , 64 bit Build 19041 (10.0.19041.3636)
Time: Wed Dec 13 23:53:13 2023 Central Europe Standard Time elapsed time: 8.635052 seconds (0d 0h 0m 8s)

---------------  T H R E A D  ---------------

Current thread (0x00000274f75e1e70):  JavaThread "C2 CompilerThread0" daemon [_thread_in_native, id=29600, stack(0x000000dcc3200000,0x000000dcc3300000) (1024K)]


Current CompileTask:
C2:   8635 1800       4       main.GamePanel::paintComponent (623 bytes)

Stack: [0x000000dcc3200000,0x000000dcc3300000]
Native frames: (J=compiled Java code, j=interpreted, Vv=VM code, C=native code)
V  [jvm.dll+0x6c9029]
V  [jvm.dll+0x854b81]
V  [jvm.dll+0x856e5e]
V  [jvm.dll+0x857543]
V  [jvm.dll+0x280c06]
V  [jvm.dll+0xc3ead]
V  [jvm.dll+0xc43c3]
V  [jvm.dll+0x3b5732]
V  [jvm.dll+0x382475]
V  [jvm.dll+0x3818ea]
V  [jvm.dll+0x249ad0]
V  [jvm.dll+0x2490b1]
V  [jvm.dll+0x1c9ca1]
V  [jvm.dll+0x2586b9]
V  [jvm.dll+0x256c9a]
V  [jvm.dll+0x3ef1b6]
V  [jvm.dll+0x7fd728]
V  [jvm.dll+0x6c777d]
C  [ucrtbase.dll+0x21bb2]
C  [KERNEL32.DLL+0x17344]
C  [ntdll.dll+0x526b1]


---------------  P R O C E S S  ---------------

Threads class SMR info:
_java_thread_list=0x00000274f777e4e0, length=20, elements={
0x00000274f75d67b0, 0x00000274f75d76d0, 0x00000274f75dd9e0, 0x00000274f75de440,
0x00000274f75deea0, 0x00000274f75e03a0, 0x00000274f75e1e70, 0x00000274f75e5f10,
0x00000274f78322d0, 0x00000274f7838fb0, 0x00000274f79f2b20, 0x00000274f79fbb70,
0x00000274fcfaa090, 0x00000274fcfa3100, 0x00000274fcd6f610, 0x00000274fcf9be60,
0x00000274d92e8c60, 0x00000274fd1014f0, 0x00000274fd0f8290, 0x00000274fce1c750
}

Java Threads: ( => current thread )
  0x00000274f75d67b0 JavaThread "Reference Handler"          daemon [_thread_blocked, id=4368, stack(0x000000dcc2c00000,0x000000dcc2d00000) (1024K)]
  0x00000274f75d76d0 JavaThread "Finalizer"                  daemon [_thread_blocked, id=9764, stack(0x000000dcc2d00000,0x000000dcc2e00000) (1024K)]
  0x00000274f75dd9e0 JavaThread "Signal Dispatcher"          daemon [_thread_blocked, id=28064, stack(0x000000dcc2e00000,0x000000dcc2f00000) (1024K)]
  0x00000274f75de440 JavaThread "Attach Listener"            daemon [_thread_blocked, id=26472, stack(0x000000dcc2f00000,0x000000dcc3000000) (1024K)]
  0x00000274f75deea0 JavaThread "Service Thread"             daemon [_thread_blocked, id=20396, stack(0x000000dcc3000000,0x000000dcc3100000) (1024K)]
  0x00000274f75e03a0 JavaThread "Monitor Deflation Thread"   daemon [_thread_blocked, id=28044, stack(0x000000dcc3100000,0x000000dcc3200000) (1024K)]
=>0x00000274f75e1e70 JavaThread "C2 CompilerThread0"         daemon [_thread_in_native, id=29600, stack(0x000000dcc3200000,0x000000dcc3300000) (1024K)]
  0x00000274f75e5f10 JavaThread "C1 CompilerThread0"         daemon [_thread_blocked, id=15996, stack(0x000000dcc3300000,0x000000dcc3400000) (1024K)]
  0x00000274f78322d0 JavaThread "Notification Thread"        daemon [_thread_blocked, id=20300, stack(0x000000dcc3400000,0x000000dcc3500000) (1024K)]
  0x00000274f7838fb0 JavaThread "Common-Cleaner"             daemon [_thread_blocked, id=8312, stack(0x000000dcc3500000,0x000000dcc3600000) (1024K)]
  0x00000274f79f2b20 JavaThread "Java2D Disposer"            daemon [_thread_blocked, id=24676, stack(0x000000dcc3600000,0x000000dcc3700000) (1024K)]
  0x00000274f79fbb70 JavaThread "AWT-Windows"                daemon [_thread_in_native, id=7424, stack(0x000000dcc3800000,0x000000dcc3900000) (1024K)]
  0x00000274fcfaa090 JavaThread "AWT-Shutdown"                      [_thread_blocked, id=864, stack(0x000000dcc3700000,0x000000dcc3800000) (1024K)]
  0x00000274fcfa3100 JavaThread "AWT-EventQueue-0"                  [_thread_blocked, id=15676, stack(0x000000dcc4200000,0x000000dcc4300000) (1024K)]
  0x00000274fcd6f610 JavaThread "D3D Screen Updater"         daemon [_thread_in_native, id=19032, stack(0x000000dcc4300000,0x000000dcc4400000) (1024K)]
  0x00000274fcf9be60 JavaThread "Thread-0"                          [_thread_in_Java, id=30532, stack(0x000000dcc4400000,0x000000dcc4500000) (1024K)]
  0x00000274d92e8c60 JavaThread "DestroyJavaVM"                     [_thread_blocked, id=9504, stack(0x000000dcc2400000,0x000000dcc2500000) (1024K)]
  0x00000274fd1014f0 JavaThread "Java Sound Event Dispatcher" daemon [_thread_blocked, id=29712, stack(0x000000dcc4700000,0x000000dcc4800000) (1024K)]
  0x00000274fd0f8290 JavaThread "Direct Clip"                daemon [_thread_in_vm, id=30636, stack(0x000000dcc4a00000,0x000000dcc4b00000) (1024K)]
  0x00000274fce1c750 JavaThread "Direct Clip"                daemon [_thread_blocked, id=18496, stack(0x000000dcc4f00000,0x000000dcc5000000) (1024K)]
Total: 20

Other Threads:
  0x00000274f75b7170 VMThread "VM Thread"                           [id=14292, stack(0x000000dcc2b00000,0x000000dcc2c00000) (1024K)]
  0x00000274f75a1530 WatcherThread "VM Periodic Task Thread"        [id=10548, stack(0x000000dcc2a00000,0x000000dcc2b00000) (1024K)]
  0x00000274d92f0250 WorkerThread "GC Thread#0"                     [id=27548, stack(0x000000dcc2500000,0x000000dcc2600000) (1024K)]
  0x00000274fcd64820 WorkerThread "GC Thread#1"                     [id=13444, stack(0x000000dcc3f00000,0x000000dcc4000000) (1024K)]
  0x00000274fcd64bc0 WorkerThread "GC Thread#2"                     [id=29184, stack(0x000000dcc4000000,0x000000dcc4100000) (1024K)]
  0x00000274fcd64f60 WorkerThread "GC Thread#3"                     [id=28648, stack(0x000000dcc4100000,0x000000dcc4200000) (1024K)]
  0x00000274db5486f0 ConcurrentGCThread "G1 Main Marker"            [id=4632, stack(0x000000dcc2600000,0x000000dcc2700000) (1024K)]
  0x00000274db549b40 WorkerThread "G1 Conc#0"                       [id=15956, stack(0x000000dcc2700000,0x000000dcc2800000) (1024K)]
  0x00000274f7460090 ConcurrentGCThread "G1 Refine#0"               [id=27848, stack(0x000000dcc2800000,0x000000dcc2900000) (1024K)]
  0x00000274f7460a10 ConcurrentGCThread "G1 Service"                [id=23864, stack(0x000000dcc2900000,0x000000dcc2a00000) (1024K)]
Total: 10

Threads with active compile tasks:
C2 CompilerThread0     8687 1800       4       main.GamePanel::paintComponent (623 bytes)
Total: 1

VM state: not at safepoint (normal execution)

VM Mutex/Monitor currently owned by a thread: None

Heap address: 0x0000000080c00000, size: 2036 MB, Compressed Oops mode: 32-bit

CDS archive(s) mapped at: [0x0000027480000000-0x0000027480c90000-0x0000027480c90000), size 13172736, SharedBaseAddress: 0x0000027480000000, ArchiveRelocationMode: 1.
Compressed class space mapped at: 0x0000027481000000-0x00000274c1000000, reserved size: 1073741824
Narrow klass base: 0x0000027480000000, Narrow klass shift: 0, Narrow klass range: 0x100000000

GC Precious Log:
 CardTable entry size: 512
 Card Set container configuration: InlinePtr #cards 5 size 8 Array Of Cards #cards 12 size 40 Howl #buckets 4 coarsen threshold 1843 Howl Bitmap #cards 512 size 80 coarsen threshold 460 Card regions per heap region 1 cards per card region 2048
 CPUs: 4 total, 4 available
 Memory: 8138M
 Large Page Support: Disabled
 NUMA Support: Disabled
 Compressed Oops: Enabled (32-bit)
 Heap Region Size: 1M
 Heap Min Capacity: 8M
 Heap Initial Capacity: 128M
 Heap Max Capacity: 2036M
 Pre-touch: Disabled
 Parallel Workers: 4
 Concurrent Workers: 1
 Concurrent Refinement Workers: 4
 Periodic GC: Disabled

Heap:
 garbage-first heap   total 131072K, used 24349K [0x0000000080c00000, 0x0000000100000000)
  region size 1024K, 13 young (13312K), 2 survivors (2048K)
 Metaspace       used 9068K, committed 9280K, reserved 1114112K
  class space    used 929K, committed 1024K, reserved 1048576K

Heap Regions: E=young(eden), S=young(survivor), O=old, HS=humongous(starts), HC=humongous(continues), CS=collection set, F=free, TAMS=top-at-mark-start, PB=parsable bottom
|   0|0x0000000080c00000, 0x0000000080d00000, 0x0000000080d00000|100%| O|  |TAMS 0x0000000080c00000| PB 0x0000000080c00000| Untracked 
|   1|0x0000000080d00000, 0x0000000080e00000, 0x0000000080e00000|100%| O|  |TAMS 0x0000000080d00000| PB 0x0000000080d00000| Untracked 
|   2|0x0000000080e00000, 0x0000000080e2e400, 0x0000000080f00000| 18%| O|  |TAMS 0x0000000080e00000| PB 0x0000000080e00000| Untracked 
|   3|0x0000000080f00000, 0x0000000081000000, 0x0000000081000000|100%|HS|  |TAMS 0x0000000080f00000| PB 0x0000000080f00000| Complete 
|   4|0x0000000081000000, 0x0000000081100000, 0x0000000081100000|100%|HC|  |TAMS 0x0000000081000000| PB 0x0000000081000000| Complete 
|   5|0x0000000081100000, 0x0000000081200000, 0x0000000081200000|100%|HC|  |TAMS 0x0000000081100000| PB 0x0000000081100000| Complete 
|   6|0x0000000081200000, 0x0000000081300000, 0x0000000081300000|100%|HC|  |TAMS 0x0000000081200000| PB 0x0000000081200000| Complete 
|   7|0x0000000081300000, 0x0000000081400000, 0x0000000081400000|100%|HC|  |TAMS 0x0000000081300000| PB 0x0000000081300000| Complete 
|   8|0x0000000081400000, 0x0000000081500000, 0x0000000081500000|100%|HC|  |TAMS 0x0000000081400000| PB 0x0000000081400000| Complete 
|   9|0x0000000081500000, 0x0000000081600000, 0x0000000081600000|100%|HC|  |TAMS 0x0000000081500000| PB 0x0000000081500000| Complete 
|  10|0x0000000081600000, 0x0000000081700000, 0x0000000081700000|100%|HC|  |TAMS 0x0000000081600000| PB 0x0000000081600000| Complete 
|  11|0x0000000081700000, 0x0000000081800000, 0x0000000081800000|100%|HC|  |TAMS 0x0000000081700000| PB 0x0000000081700000| Complete 
|  12|0x0000000081800000, 0x0000000081900000, 0x0000000081900000|100%|HC|  |TAMS 0x0000000081800000| PB 0x0000000081800000| Complete 
|  13|0x0000000081900000, 0x0000000081900000, 0x0000000081a00000|  0%| F|  |TAMS 0x0000000081900000| PB 0x0000000081900000| Untracked 
|  14|0x0000000081a00000, 0x0000000081a00000, 0x0000000081b00000|  0%| F|  |TAMS 0x0000000081a00000| PB 0x0000000081a00000| Untracked 
|  15|0x0000000081b00000, 0x0000000081b00000, 0x0000000081c00000|  0%| F|  |TAMS 0x0000000081b00000| PB 0x0000000081b00000| Untracked 
|  16|0x0000000081c00000, 0x0000000081c00000, 0x0000000081d00000|  0%| F|  |TAMS 0x0000000081c00000| PB 0x0000000081c00000| Untracked 
|  17|0x0000000081d00000, 0x0000000081d00000, 0x0000000081e00000|  0%| F|  |TAMS 0x0000000081d00000| PB 0x0000000081d00000| Untracked 
|  18|0x0000000081e00000, 0x0000000081e00000, 0x0000000081f00000|  0%| F|  |TAMS 0x0000000081e00000| PB 0x0000000081e00000| Untracked 
|  19|0x0000000081f00000, 0x0000000081f00000, 0x0000000082000000|  0%| F|  |TAMS 0x0000000081f00000| PB 0x0000000081f00000| Untracked 
|  20|0x0000000082000000, 0x0000000082000000, 0x0000000082100000|  0%| F|  |TAMS 0x0000000082000000| PB 0x0000000082000000| Untracked 
|  21|0x0000000082100000, 0x0000000082100000, 0x0000000082200000|  0%| F|  |TAMS 0x0000000082100000| PB 0x0000000082100000| Untracked 
|  22|0x0000000082200000, 0x0000000082200000, 0x0000000082300000|  0%| F|  |TAMS 0x0000000082200000| PB 0x0000000082200000| Untracked 
|  23|0x0000000082300000, 0x0000000082300000, 0x0000000082400000|  0%| F|  |TAMS 0x0000000082300000| PB 0x0000000082300000| Untracked 
|  24|0x0000000082400000, 0x0000000082400000, 0x0000000082500000|  0%| F|  |TAMS 0x0000000082400000| PB 0x0000000082400000| Untracked 
|  25|0x0000000082500000, 0x0000000082500000, 0x0000000082600000|  0%| F|  |TAMS 0x0000000082500000| PB 0x0000000082500000| Untracked 
|  26|0x0000000082600000, 0x0000000082600000, 0x0000000082700000|  0%| F|  |TAMS 0x0000000082600000| PB 0x0000000082600000| Untracked 
|  27|0x0000000082700000, 0x0000000082700000, 0x0000000082800000|  0%| F|  |TAMS 0x0000000082700000| PB 0x0000000082700000| Untracked 
|  28|0x0000000082800000, 0x0000000082800000, 0x0000000082900000|  0%| F|  |TAMS 0x0000000082800000| PB 0x0000000082800000| Untracked 
|  29|0x0000000082900000, 0x0000000082900000, 0x0000000082a00000|  0%| F|  |TAMS 0x0000000082900000| PB 0x0000000082900000| Untracked 
|  30|0x0000000082a00000, 0x0000000082a00000, 0x0000000082b00000|  0%| F|  |TAMS 0x0000000082a00000| PB 0x0000000082a00000| Untracked 
|  31|0x0000000082b00000, 0x0000000082b00000, 0x0000000082c00000|  0%| F|  |TAMS 0x0000000082b00000| PB 0x0000000082b00000| Untracked 
|  32|0x0000000082c00000, 0x0000000082c00000, 0x0000000082d00000|  0%| F|  |TAMS 0x0000000082c00000| PB 0x0000000082c00000| Untracked 
|  33|0x0000000082d00000, 0x0000000082d00000, 0x0000000082e00000|  0%| F|  |TAMS 0x0000000082d00000| PB 0x0000000082d00000| Untracked 
|  34|0x0000000082e00000, 0x0000000082e00000, 0x0000000082f00000|  0%| F|  |TAMS 0x0000000082e00000| PB 0x0000000082e00000| Untracked 
|  35|0x0000000082f00000, 0x0000000082f00000, 0x0000000083000000|  0%| F|  |TAMS 0x0000000082f00000| PB 0x0000000082f00000| Untracked 
|  36|0x0000000083000000, 0x0000000083000000, 0x0000000083100000|  0%| F|  |TAMS 0x0000000083000000| PB 0x0000000083000000| Untracked 
|  37|0x0000000083100000, 0x0000000083100000, 0x0000000083200000|  0%| F|  |TAMS 0x0000000083100000| PB 0x0000000083100000| Untracked 
|  38|0x0000000083200000, 0x0000000083200000, 0x0000000083300000|  0%| F|  |TAMS 0x0000000083200000| PB 0x0000000083200000| Untracked 
|  39|0x0000000083300000, 0x0000000083300000, 0x0000000083400000|  0%| F|  |TAMS 0x0000000083300000| PB 0x0000000083300000| Untracked 
|  40|0x0000000083400000, 0x0000000083400000, 0x0000000083500000|  0%| F|  |TAMS 0x0000000083400000| PB 0x0000000083400000| Untracked 
|  41|0x0000000083500000, 0x0000000083500000, 0x0000000083600000|  0%| F|  |TAMS 0x0000000083500000| PB 0x0000000083500000| Untracked 
|  42|0x0000000083600000, 0x0000000083600000, 0x0000000083700000|  0%| F|  |TAMS 0x0000000083600000| PB 0x0000000083600000| Untracked 
|  43|0x0000000083700000, 0x0000000083700000, 0x0000000083800000|  0%| F|  |TAMS 0x0000000083700000| PB 0x0000000083700000| Untracked 
|  44|0x0000000083800000, 0x0000000083800000, 0x0000000083900000|  0%| F|  |TAMS 0x0000000083800000| PB 0x0000000083800000| Untracked 
|  45|0x0000000083900000, 0x0000000083900000, 0x0000000083a00000|  0%| F|  |TAMS 0x0000000083900000| PB 0x0000000083900000| Untracked 
|  46|0x0000000083a00000, 0x0000000083a00000, 0x0000000083b00000|  0%| F|  |TAMS 0x0000000083a00000| PB 0x0000000083a00000| Untracked 
|  47|0x0000000083b00000, 0x0000000083b00000, 0x0000000083c00000|  0%| F|  |TAMS 0x0000000083b00000| PB 0x0000000083b00000| Untracked 
|  48|0x0000000083c00000, 0x0000000083c00000, 0x0000000083d00000|  0%| F|  |TAMS 0x0000000083c00000| PB 0x0000000083c00000| Untracked 
|  49|0x0000000083d00000, 0x0000000083d00000, 0x0000000083e00000|  0%| F|  |TAMS 0x0000000083d00000| PB 0x0000000083d00000| Untracked 
|  50|0x0000000083e00000, 0x0000000083e00000, 0x0000000083f00000|  0%| F|  |TAMS 0x0000000083e00000| PB 0x0000000083e00000| Untracked 
|  51|0x0000000083f00000, 0x0000000083f00000, 0x0000000084000000|  0%| F|  |TAMS 0x0000000083f00000| PB 0x0000000083f00000| Untracked 
|  52|0x0000000084000000, 0x0000000084000000, 0x0000000084100000|  0%| F|  |TAMS 0x0000000084000000| PB 0x0000000084000000| Untracked 
|  53|0x0000000084100000, 0x0000000084100000, 0x0000000084200000|  0%| F|  |TAMS 0x0000000084100000| PB 0x0000000084100000| Untracked 
|  54|0x0000000084200000, 0x0000000084200000, 0x0000000084300000|  0%| F|  |TAMS 0x0000000084200000| PB 0x0000000084200000| Untracked 
|  55|0x0000000084300000, 0x0000000084300000, 0x0000000084400000|  0%| F|  |TAMS 0x0000000084300000| PB 0x0000000084300000| Untracked 
|  56|0x0000000084400000, 0x0000000084400000, 0x0000000084500000|  0%| F|  |TAMS 0x0000000084400000| PB 0x0000000084400000| Untracked 
|  57|0x0000000084500000, 0x0000000084500000, 0x0000000084600000|  0%| F|  |TAMS 0x0000000084500000| PB 0x0000000084500000| Untracked 
|  58|0x0000000084600000, 0x0000000084600000, 0x0000000084700000|  0%| F|  |TAMS 0x0000000084600000| PB 0x0000000084600000| Untracked 
|  59|0x0000000084700000, 0x0000000084700000, 0x0000000084800000|  0%| F|  |TAMS 0x0000000084700000| PB 0x0000000084700000| Untracked 
|  60|0x0000000084800000, 0x0000000084800000, 0x0000000084900000|  0%| F|  |TAMS 0x0000000084800000| PB 0x0000000084800000| Untracked 
|  61|0x0000000084900000, 0x0000000084900000, 0x0000000084a00000|  0%| F|  |TAMS 0x0000000084900000| PB 0x0000000084900000| Untracked 
|  62|0x0000000084a00000, 0x0000000084a00000, 0x0000000084b00000|  0%| F|  |TAMS 0x0000000084a00000| PB 0x0000000084a00000| Untracked 
|  63|0x0000000084b00000, 0x0000000084b00000, 0x0000000084c00000|  0%| F|  |TAMS 0x0000000084b00000| PB 0x0000000084b00000| Untracked 
|  64|0x0000000084c00000, 0x0000000084c00000, 0x0000000084d00000|  0%| F|  |TAMS 0x0000000084c00000| PB 0x0000000084c00000| Untracked 
|  65|0x0000000084d00000, 0x0000000084d00000, 0x0000000084e00000|  0%| F|  |TAMS 0x0000000084d00000| PB 0x0000000084d00000| Untracked 
|  66|0x0000000084e00000, 0x0000000084e00000, 0x0000000084f00000|  0%| F|  |TAMS 0x0000000084e00000| PB 0x0000000084e00000| Untracked 
|  67|0x0000000084f00000, 0x0000000084f00000, 0x0000000085000000|  0%| F|  |TAMS 0x0000000084f00000| PB 0x0000000084f00000| Untracked 
|  68|0x0000000085000000, 0x0000000085000000, 0x0000000085100000|  0%| F|  |TAMS 0x0000000085000000| PB 0x0000000085000000| Untracked 
|  69|0x0000000085100000, 0x0000000085100000, 0x0000000085200000|  0%| F|  |TAMS 0x0000000085100000| PB 0x0000000085100000| Untracked 
|  70|0x0000000085200000, 0x0000000085200000, 0x0000000085300000|  0%| F|  |TAMS 0x0000000085200000| PB 0x0000000085200000| Untracked 
|  71|0x0000000085300000, 0x0000000085300000, 0x0000000085400000|  0%| F|  |TAMS 0x0000000085300000| PB 0x0000000085300000| Untracked 
|  72|0x0000000085400000, 0x0000000085400000, 0x0000000085500000|  0%| F|  |TAMS 0x0000000085400000| PB 0x0000000085400000| Untracked 
|  73|0x0000000085500000, 0x0000000085500000, 0x0000000085600000|  0%| F|  |TAMS 0x0000000085500000| PB 0x0000000085500000| Untracked 
|  74|0x0000000085600000, 0x0000000085600000, 0x0000000085700000|  0%| F|  |TAMS 0x0000000085600000| PB 0x0000000085600000| Untracked 
|  75|0x0000000085700000, 0x0000000085700000, 0x0000000085800000|  0%| F|  |TAMS 0x0000000085700000| PB 0x0000000085700000| Untracked 
|  76|0x0000000085800000, 0x0000000085800000, 0x0000000085900000|  0%| F|  |TAMS 0x0000000085800000| PB 0x0000000085800000| Untracked 
|  77|0x0000000085900000, 0x0000000085900000, 0x0000000085a00000|  0%| F|  |TAMS 0x0000000085900000| PB 0x0000000085900000| Untracked 
|  78|0x0000000085a00000, 0x0000000085a00000, 0x0000000085b00000|  0%| F|  |TAMS 0x0000000085a00000| PB 0x0000000085a00000| Untracked 
|  79|0x0000000085b00000, 0x0000000085b00000, 0x0000000085c00000|  0%| F|  |TAMS 0x0000000085b00000| PB 0x0000000085b00000| Untracked 
|  80|0x0000000085c00000, 0x0000000085c00000, 0x0000000085d00000|  0%| F|  |TAMS 0x0000000085c00000| PB 0x0000000085c00000| Untracked 
|  81|0x0000000085d00000, 0x0000000085d00000, 0x0000000085e00000|  0%| F|  |TAMS 0x0000000085d00000| PB 0x0000000085d00000| Untracked 
|  82|0x0000000085e00000, 0x0000000085e00000, 0x0000000085f00000|  0%| F|  |TAMS 0x0000000085e00000| PB 0x0000000085e00000| Untracked 
|  83|0x0000000085f00000, 0x0000000085f00000, 0x0000000086000000|  0%| F|  |TAMS 0x0000000085f00000| PB 0x0000000085f00000| Untracked 
|  84|0x0000000086000000, 0x0000000086000000, 0x0000000086100000|  0%| F|  |TAMS 0x0000000086000000| PB 0x0000000086000000| Untracked 
|  85|0x0000000086100000, 0x0000000086100000, 0x0000000086200000|  0%| F|  |TAMS 0x0000000086100000| PB 0x0000000086100000| Untracked 
|  86|0x0000000086200000, 0x0000000086200000, 0x0000000086300000|  0%| F|  |TAMS 0x0000000086200000| PB 0x0000000086200000| Untracked 
|  87|0x0000000086300000, 0x0000000086300000, 0x0000000086400000|  0%| F|  |TAMS 0x0000000086300000| PB 0x0000000086300000| Untracked 
|  88|0x0000000086400000, 0x0000000086400000, 0x0000000086500000|  0%| F|  |TAMS 0x0000000086400000| PB 0x0000000086400000| Untracked 
|  89|0x0000000086500000, 0x0000000086500000, 0x0000000086600000|  0%| F|  |TAMS 0x0000000086500000| PB 0x0000000086500000| Untracked 
|  90|0x0000000086600000, 0x0000000086600000, 0x0000000086700000|  0%| F|  |TAMS 0x0000000086600000| PB 0x0000000086600000| Untracked 
|  91|0x0000000086700000, 0x0000000086700000, 0x0000000086800000|  0%| F|  |TAMS 0x0000000086700000| PB 0x0000000086700000| Untracked 
|  92|0x0000000086800000, 0x0000000086800000, 0x0000000086900000|  0%| F|  |TAMS 0x0000000086800000| PB 0x0000000086800000| Untracked 
|  93|0x0000000086900000, 0x0000000086900000, 0x0000000086a00000|  0%| F|  |TAMS 0x0000000086900000| PB 0x0000000086900000| Untracked 
|  94|0x0000000086a00000, 0x0000000086a00000, 0x0000000086b00000|  0%| F|  |TAMS 0x0000000086a00000| PB 0x0000000086a00000| Untracked 
|  95|0x0000000086b00000, 0x0000000086b00000, 0x0000000086c00000|  0%| F|  |TAMS 0x0000000086b00000| PB 0x0000000086b00000| Untracked 
|  96|0x0000000086c00000, 0x0000000086c00000, 0x0000000086d00000|  0%| F|  |TAMS 0x0000000086c00000| PB 0x0000000086c00000| Untracked 
|  97|0x0000000086d00000, 0x0000000086d00000, 0x0000000086e00000|  0%| F|  |TAMS 0x0000000086d00000| PB 0x0000000086d00000| Untracked 
|  98|0x0000000086e00000, 0x0000000086e00000, 0x0000000086f00000|  0%| F|  |TAMS 0x0000000086e00000| PB 0x0000000086e00000| Untracked 
|  99|0x0000000086f00000, 0x0000000086f00000, 0x0000000087000000|  0%| F|  |TAMS 0x0000000086f00000| PB 0x0000000086f00000| Untracked 
| 100|0x0000000087000000, 0x0000000087000000, 0x0000000087100000|  0%| F|  |TAMS 0x0000000087000000| PB 0x0000000087000000| Untracked 
| 101|0x0000000087100000, 0x0000000087100000, 0x0000000087200000|  0%| F|  |TAMS 0x0000000087100000| PB 0x0000000087100000| Untracked 
| 102|0x0000000087200000, 0x0000000087200000, 0x0000000087300000|  0%| F|  |TAMS 0x0000000087200000| PB 0x0000000087200000| Untracked 
| 103|0x0000000087300000, 0x0000000087300000, 0x0000000087400000|  0%| F|  |TAMS 0x0000000087300000| PB 0x0000000087300000| Untracked 
| 104|0x0000000087400000, 0x0000000087400000, 0x0000000087500000|  0%| F|  |TAMS 0x0000000087400000| PB 0x0000000087400000| Untracked 
| 105|0x0000000087500000, 0x00000000875990c8, 0x0000000087600000| 59%| S|CS|TAMS 0x0000000087500000| PB 0x0000000087500000| Complete 
| 106|0x0000000087600000, 0x0000000087700000, 0x0000000087700000|100%| S|CS|TAMS 0x0000000087600000| PB 0x0000000087600000| Complete 
| 107|0x0000000087700000, 0x0000000087700000, 0x0000000087800000|  0%| F|  |TAMS 0x0000000087700000| PB 0x0000000087700000| Untracked 
| 108|0x0000000087800000, 0x0000000087800000, 0x0000000087900000|  0%| F|  |TAMS 0x0000000087800000| PB 0x0000000087800000| Untracked 
| 109|0x0000000087900000, 0x0000000087900000, 0x0000000087a00000|  0%| F|  |TAMS 0x0000000087900000| PB 0x0000000087900000| Untracked 
| 110|0x0000000087a00000, 0x0000000087a00000, 0x0000000087b00000|  0%| F|  |TAMS 0x0000000087a00000| PB 0x0000000087a00000| Untracked 
| 111|0x0000000087b00000, 0x0000000087b00000, 0x0000000087c00000|  0%| F|  |TAMS 0x0000000087b00000| PB 0x0000000087b00000| Untracked 
| 112|0x0000000087c00000, 0x0000000087c00000, 0x0000000087d00000|  0%| F|  |TAMS 0x0000000087c00000| PB 0x0000000087c00000| Untracked 
| 113|0x0000000087d00000, 0x0000000087d00000, 0x0000000087e00000|  0%| F|  |TAMS 0x0000000087d00000| PB 0x0000000087d00000| Untracked 
| 114|0x0000000087e00000, 0x0000000087e00000, 0x0000000087f00000|  0%| F|  |TAMS 0x0000000087e00000| PB 0x0000000087e00000| Untracked 
| 115|0x0000000087f00000, 0x0000000087f00000, 0x0000000088000000|  0%| F|  |TAMS 0x0000000087f00000| PB 0x0000000087f00000| Untracked 
| 116|0x0000000088000000, 0x0000000088000000, 0x0000000088100000|  0%| F|  |TAMS 0x0000000088000000| PB 0x0000000088000000| Untracked 
| 117|0x0000000088100000, 0x00000000881fdec0, 0x0000000088200000| 99%| E|  |TAMS 0x0000000088100000| PB 0x0000000088100000| Complete 
| 118|0x0000000088200000, 0x0000000088300000, 0x0000000088300000|100%| E|CS|TAMS 0x0000000088200000| PB 0x0000000088200000| Complete 
| 119|0x0000000088300000, 0x0000000088400000, 0x0000000088400000|100%| E|CS|TAMS 0x0000000088300000| PB 0x0000000088300000| Complete 
| 120|0x0000000088400000, 0x0000000088500000, 0x0000000088500000|100%| E|CS|TAMS 0x0000000088400000| PB 0x0000000088400000| Complete 
| 121|0x0000000088500000, 0x0000000088600000, 0x0000000088600000|100%| E|CS|TAMS 0x0000000088500000| PB 0x0000000088500000| Complete 
| 122|0x0000000088600000, 0x0000000088700000, 0x0000000088700000|100%| E|CS|TAMS 0x0000000088600000| PB 0x0000000088600000| Complete 
| 123|0x0000000088700000, 0x0000000088800000, 0x0000000088800000|100%| E|CS|TAMS 0x0000000088700000| PB 0x0000000088700000| Complete 
| 124|0x0000000088800000, 0x0000000088900000, 0x0000000088900000|100%| E|CS|TAMS 0x0000000088800000| PB 0x0000000088800000| Complete 
| 125|0x0000000088900000, 0x0000000088a00000, 0x0000000088a00000|100%| E|CS|TAMS 0x0000000088900000| PB 0x0000000088900000| Complete 
| 126|0x0000000088a00000, 0x0000000088b00000, 0x0000000088b00000|100%| E|CS|TAMS 0x0000000088a00000| PB 0x0000000088a00000| Complete 
| 127|0x0000000088b00000, 0x0000000088c00000, 0x0000000088c00000|100%| E|CS|TAMS 0x0000000088b00000| PB 0x0000000088b00000| Complete 

Card table byte_map: [0x00000274f2d50000,0x00000274f3150000] _byte_map_base: 0x00000274f294a000

Marking Bits: (CMBitMap*) 0x00000274db537780
 Bits: [0x00000274f3150000, 0x00000274f5120000)

Polling page: 0x00000274d92b0000

Metaspace:

Usage:
  Non-class:      7.95 MB used.
      Class:    929.41 KB used.
       Both:      8.86 MB used.

Virtual space:
  Non-class space:       64.00 MB reserved,       8.06 MB ( 13%) committed,  1 nodes.
      Class space:        1.00 GB reserved,       1.00 MB ( <1%) committed,  1 nodes.
             Both:        1.06 GB reserved,       9.06 MB ( <1%) committed. 

Chunk freelists:
   Non-Class:  7.98 MB
       Class:  15.02 MB
        Both:  23.00 MB

MaxMetaspaceSize: unlimited
CompressedClassSpaceSize: 1.00 GB
Initial GC threshold: 21.00 MB
Current GC threshold: 21.00 MB
CDS: on
 - commit_granule_bytes: 65536.
 - commit_granule_words: 8192.
 - virtual_space_node_default_size: 8388608.
 - enlarge_chunks_in_place: 1.
 - use_allocation_guard: 0.


Internal statistics:

num_allocs_failed_limit: 0.
num_arena_births: 164.
num_arena_deaths: 0.
num_vsnodes_births: 2.
num_vsnodes_deaths: 0.
num_space_committed: 145.
num_space_uncommitted: 0.
num_chunks_returned_to_freelist: 0.
num_chunks_taken_from_freelist: 223.
num_chunk_merges: 0.
num_chunk_splits: 131.
num_chunks_enlarged: 56.
num_inconsistent_stats: 0.

CodeHeap 'non-profiled nmethods': size=120000Kb used=748Kb max_used=748Kb free=119251Kb
 bounds [0x00000274eb420000, 0x00000274eb690000, 0x00000274f2950000]
CodeHeap 'profiled nmethods': size=120000Kb used=3037Kb max_used=3037Kb free=116962Kb
 bounds [0x00000274e3950000, 0x00000274e3c50000, 0x00000274eae80000]
CodeHeap 'non-nmethods': size=5760Kb used=1558Kb max_used=1583Kb free=4201Kb
 bounds [0x00000274eae80000, 0x00000274eb0f0000, 0x00000274eb420000]
 total_blobs=2426 nmethods=1801 adapters=531
 compilation: enabled
              stopped_count=0, restarted_count=0
 full_count=0

Compilation events (20 events):
Event: 8.407 Thread 0x00000274f75e5f10 nmethod 1790 0x00000274e3c42690 code [0x00000274e3c42840, 0x00000274e3c42a90]
Event: 8.416 Thread 0x00000274f75e1e70 1793 %     4       main.GamePanel::update @ 55 (347 bytes)
Event: 8.431 Thread 0x00000274f75e1e70 nmethod 1793% 0x00000274eb4d9290 code [0x00000274eb4d94e0, 0x00000274eb4d9ca8]
Event: 8.432 Thread 0x00000274f75e1e70 1794   !   4       sun.font.TrueTypeGlyphMapper::getGlyphFromCMAP (71 bytes)
Event: 8.436 Thread 0x00000274f75e1e70 nmethod 1794 0x00000274eb4da310 code [0x00000274eb4da4e0, 0x00000274eb4da8c0]
Event: 8.440 Thread 0x00000274f75e5f10 1795       1       java.util.Collections$EmptySet::contains (2 bytes)
Event: 8.440 Thread 0x00000274f75e5f10 nmethod 1795 0x00000274eb4dac10 code [0x00000274eb4dada0, 0x00000274eb4dae68]
Event: 8.440 Thread 0x00000274f75e5f10 1796       3       java.awt.Container::postProcessKeyEvent (15 bytes)
Event: 8.440 Thread 0x00000274f75e5f10 nmethod 1796 0x00000274e3c42b10 code [0x00000274e3c42cc0, 0x00000274e3c42ed8]
Event: 8.450 Thread 0x00000274f75e1e70 1797       4       sun.java2d.pipe.RenderQueue::ensureAlignment (28 bytes)
Event: 8.451 Thread 0x00000274f75e1e70 nmethod 1797 0x00000274eb4daf10 code [0x00000274eb4db0a0, 0x00000274eb4db188]
Event: 8.464 Thread 0x00000274f75e5f10 1798       3       java.util.Collections$UnmodifiableCollection::contains (11 bytes)
Event: 8.464 Thread 0x00000274f75e5f10 nmethod 1798 0x00000274e3c42f90 code [0x00000274e3c43140, 0x00000274e3c43318]
Event: 8.464 Thread 0x00000274f75e5f10 1799       3       java.awt.Container::preProcessKeyEvent (15 bytes)
Event: 8.465 Thread 0x00000274f75e5f10 nmethod 1799 0x00000274e3c43410 code [0x00000274e3c435c0, 0x00000274e3c437d8]
Event: 8.500 Thread 0x00000274f75e1e70 1800       4       main.GamePanel::paintComponent (623 bytes)
Event: 8.533 Thread 0x00000274f75e5f10 1801       3       sun.java2d.pipe.Region::getIntersection (132 bytes)
Event: 8.533 Thread 0x00000274f75e5f10 nmethod 1801 0x00000274e3c43890 code [0x00000274e3c43aa0, 0x00000274e3c44138]
Event: 8.582 Thread 0x00000274f75e5f10 1802       3       entity.Player::update (819 bytes)
Event: 8.585 Thread 0x00000274f75e5f10 nmethod 1802 0x00000274e3c44310 code [0x00000274e3c447c0, 0x00000274e3c46a30]

GC Heap History (4 events):
Event: 1.152 GC heap before
{Heap before GC invocations=0 (full 0):
 garbage-first heap   total 131072K, used 13312K [0x0000000080c00000, 0x0000000100000000)
  region size 1024K, 13 young (13312K), 0 survivors (0K)
 Metaspace       used 6041K, committed 6272K, reserved 1114112K
  class space    used 605K, committed 704K, reserved 1048576K
}
Event: 1.163 GC heap after
{Heap after GC invocations=1 (full 0):
 garbage-first heap   total 131072K, used 2260K [0x0000000080c00000, 0x0000000100000000)
  region size 1024K, 2 young (2048K), 2 survivors (2048K)
 Metaspace       used 6041K, committed 6272K, reserved 1114112K
  class space    used 605K, committed 704K, reserved 1048576K
}
Event: 2.463 GC heap before
{Heap before GC invocations=1 (full 0):
 garbage-first heap   total 131072K, used 21716K [0x0000000080c00000, 0x0000000100000000)
  region size 1024K, 21 young (21504K), 2 survivors (2048K)
 Metaspace       used 8049K, committed 8256K, reserved 1114112K
  class space    used 850K, committed 960K, reserved 1048576K
}
Event: 2.468 GC heap after
{Heap after GC invocations=2 (full 0):
 garbage-first heap   total 131072K, used 3869K [0x0000000080c00000, 0x0000000100000000)
  region size 1024K, 2 young (2048K), 2 survivors (2048K)
 Metaspace       used 8049K, committed 8256K, reserved 1114112K
  class space    used 850K, committed 960K, reserved 1048576K
}

Dll operation events (10 events):
Event: 0.024 Loaded shared library C:\Program Files\Java\jdk-21\bin\java.dll
Event: 0.089 Loaded shared library C:\Program Files\Java\jdk-21\bin\jsvml.dll
Event: 0.165 Loaded shared library C:\Program Files\Java\jdk-21\bin\jimage.dll
Event: 0.197 Loaded shared library C:\Program Files\Java\jdk-21\bin\awt.dll
Event: 0.769 Loaded shared library C:\Program Files\Java\jdk-21\bin\net.dll
Event: 0.778 Loaded shared library C:\Program Files\Java\jdk-21\bin\nio.dll
Event: 0.825 Loaded shared library C:\Program Files\Java\jdk-21\bin\zip.dll
Event: 1.424 Loaded shared library C:\Program Files\Java\jdk-21\bin\freetype.dll
Event: 1.430 Loaded shared library C:\Program Files\Java\jdk-21\bin\fontmanager.dll
Event: 3.382 Loaded shared library C:\Program Files\Java\jdk-21\bin\jsound.dll

Deoptimization events (20 events):
Event: 6.766 Thread 0x00000274fcf9be60 Uncommon trap: trap_request=0xffffff45 fr.pc=0x00000274eb4c413c relative=0x000000000000035c
Event: 6.766 Thread 0x00000274fcf9be60 Uncommon trap: reason=unstable_if action=reinterpret pc=0x00000274eb4c413c method=main.CollisionChecker.checkObject(Lentity/Entity;Z)I @ 349 c2
Event: 6.766 Thread 0x00000274fcf9be60 DEOPT PACKING pc=0x00000274eb4c413c sp=0x000000dcc44ff440
Event: 6.766 Thread 0x00000274fcf9be60 DEOPT UNPACKING pc=0x00000274eaed46a2 sp=0x000000dcc44ff3f8 mode 2
Event: 7.349 Thread 0x00000274fcf9be60 Uncommon trap: trap_request=0xffffff45 fr.pc=0x00000274eb4beaf0 relative=0x00000000000006b0
Event: 7.349 Thread 0x00000274fcf9be60 Uncommon trap: reason=unstable_if action=reinterpret pc=0x00000274eb4beaf0 method=main.CollisionChecker.checkEntity(Lentity/Entity;[Lentity/Entity;)I @ 121 c2
Event: 7.349 Thread 0x00000274fcf9be60 DEOPT PACKING pc=0x00000274eb4beaf0 sp=0x000000dcc44ff4a0
Event: 7.349 Thread 0x00000274fcf9be60 DEOPT UNPACKING pc=0x00000274eaed46a2 sp=0x000000dcc44ff440 mode 2
Event: 7.516 Thread 0x00000274fcf9be60 DEOPT PACKING pc=0x00000274e3c1ec65 sp=0x000000dcc44ff4a0
Event: 7.516 Thread 0x00000274fcf9be60 DEOPT UNPACKING pc=0x00000274eaed4e42 sp=0x000000dcc44fe928 mode 0
Event: 7.731 Thread 0x00000274fcf9be60 DEOPT PACKING pc=0x00000274e3c1ec65 sp=0x000000dcc44ff4a0
Event: 7.731 Thread 0x00000274fcf9be60 DEOPT UNPACKING pc=0x00000274eaed4e42 sp=0x000000dcc44fe928 mode 0
Event: 7.849 Thread 0x00000274fcf9be60 DEOPT PACKING pc=0x00000274e3c1ec65 sp=0x000000dcc44ff4a0
Event: 7.849 Thread 0x00000274fcf9be60 DEOPT UNPACKING pc=0x00000274eaed4e42 sp=0x000000dcc44fe928 mode 0
Event: 8.016 Thread 0x00000274fcf9be60 DEOPT PACKING pc=0x00000274e3c1ec65 sp=0x000000dcc44ff4a0
Event: 8.016 Thread 0x00000274fcf9be60 DEOPT UNPACKING pc=0x00000274eaed4e42 sp=0x000000dcc44fe928 mode 0
Event: 8.184 Thread 0x00000274fcf9be60 DEOPT PACKING pc=0x00000274e3c1ec65 sp=0x000000dcc44ff4a0
Event: 8.184 Thread 0x00000274fcf9be60 DEOPT UNPACKING pc=0x00000274eaed4e42 sp=0x000000dcc44fe928 mode 0
Event: 8.500 Thread 0x00000274fcfa3100 DEOPT PACKING pc=0x00000274e3baf599 sp=0x000000dcc42fe000
Event: 8.500 Thread 0x00000274fcfa3100 DEOPT UNPACKING pc=0x00000274eaed4e42 sp=0x000000dcc42fd578 mode 0

Classes loaded (20 events):
Event: 3.487 Loading class javax/sound/sampled/FloatControl done
Event: 3.487 Loading class com/sun/media/sound/DirectAudioDevice$DirectDL$Gain done
Event: 3.487 Loading class com/sun/media/sound/DirectAudioDevice$DirectDL$Mute
Event: 3.487 Loading class javax/sound/sampled/BooleanControl
Event: 3.487 Loading class javax/sound/sampled/BooleanControl done
Event: 3.487 Loading class com/sun/media/sound/DirectAudioDevice$DirectDL$Mute done
Event: 3.487 Loading class javax/sound/sampled/BooleanControl$Type
Event: 3.487 Loading class javax/sound/sampled/BooleanControl$Type done
Event: 3.487 Loading class com/sun/media/sound/DirectAudioDevice$DirectDL$Balance
Event: 3.488 Loading class com/sun/media/sound/DirectAudioDevice$DirectDL$Balance done
Event: 3.488 Loading class com/sun/media/sound/DirectAudioDevice$DirectDL$Pan
Event: 3.488 Loading class com/sun/media/sound/DirectAudioDevice$DirectDL$Pan done
Event: 3.569 Loading class javax/sound/sampled/LineEvent
Event: 3.569 Loading class javax/sound/sampled/LineEvent done
Event: 3.569 Loading class javax/sound/sampled/LineEvent$Type
Event: 3.569 Loading class javax/sound/sampled/LineEvent$Type done
Event: 3.569 Loading class com/sun/media/sound/EventDispatcher
Event: 3.570 Loading class com/sun/media/sound/EventDispatcher done
Event: 3.951 Loading class java/awt/image/BufferedImageOp
Event: 3.951 Loading class java/awt/image/BufferedImageOp done

Classes unloaded (0 events):
No events

Classes redefined (0 events):
No events

Internal exceptions (13 events):
Event: 0.179 Thread 0x00000274d92e8c60 Exception <a 'java/lang/ClassNotFoundException'{0x0000000088a80880}: sun/awt/resources/spi/awtProvider> (0x0000000088a80880) 
thrown [s\open\src\hotspot\share\classfile\systemDictionary.cpp, line 312]
Event: 0.215 Thread 0x00000274d92e8c60 Exception <a 'java/io/FileNotFoundException'{0x000000008891d3f0}> (0x000000008891d3f0) 
thrown [s\open\src\hotspot\share\prims\jni.cpp, line 520]
Event: 0.226 Thread 0x00000274d92e8c60 Exception <a 'java/io/FileNotFoundException'{0x0000000088947658}> (0x0000000088947658) 
thrown [s\open\src\hotspot\share\prims\jni.cpp, line 520]
Event: 0.588 Thread 0x00000274d92e8c60 Exception <a 'java/lang/NoSuchMethodError'{0x000000008884f2b0}: 'void java.lang.invoke.DirectMethodHandle$Holder.invokeSpecial(java.lang.Object, java.lang.Object, java.lang.Object)'> (0x000000008884f2b0) 
thrown [s\open\src\hotspot\share\interpreter\linkResolver.cpp, line 773]
Event: 0.598 Thread 0x00000274d92e8c60 Exception <a 'java/lang/NoSuchMethodError'{0x0000000088874a90}: 'java.lang.Object java.lang.invoke.DirectMethodHandle$Holder.newInvokeSpecial(java.lang.Object, java.lang.Object, java.lang.Object, java.lang.Object, java.lang.Object)'> (0x0000000088874a90) 
thrown [s\open\src\hotspot\share\interpreter\linkResolver.cpp, line 773]
Event: 0.606 Thread 0x00000274d92e8c60 Exception <a 'java/lang/NoSuchMethodError'{0x00000000888a0858}: 'java.lang.Object java.lang.invoke.DirectMethodHandle$Holder.invokeStatic(java.lang.Object, int, java.lang.Object)'> (0x00000000888a0858) 
thrown [s\open\src\hotspot\share\interpreter\linkResolver.cpp, line 773]
Event: 0.633 Thread 0x00000274d92e8c60 Exception <a 'java/lang/ClassNotFoundException'{0x0000000088740520}: com/sun/swing/internal/plaf/metal/resources/spi/metalProvider> (0x0000000088740520) 
thrown [s\open\src\hotspot\share\classfile\systemDictionary.cpp, line 312]
Event: 0.635 Thread 0x00000274d92e8c60 Exception <a 'java/lang/ClassNotFoundException'{0x0000000088744700}: com/sun/swing/internal/plaf/basic/resources/spi/basicProvider> (0x0000000088744700) 
thrown [s\open\src\hotspot\share\classfile\systemDictionary.cpp, line 312]
Event: 0.649 Thread 0x00000274d92e8c60 Exception <a 'java/lang/NoSuchMethodError'{0x0000000088763e88}: 'int java.lang.invoke.Invokers$Holder.invokeExact_MT(java.lang.Object, java.lang.Object)'> (0x0000000088763e88) 
thrown [s\open\src\hotspot\share\interpreter\linkResolver.cpp, line 773]
Event: 0.757 Thread 0x00000274d92e8c60 Exception <a 'java/lang/NoSuchMethodError'{0x0000000088601398}: 'java.lang.Object java.lang.invoke.DirectMethodHandle$Holder.invokeStaticInit(java.lang.Object, int, int, int, int)'> (0x0000000088601398) 
thrown [s\open\src\hotspot\share\interpreter\linkResolver.cpp, line 773]
Event: 0.803 Thread 0x00000274d92e8c60 Exception <a 'java/lang/NoSuchMethodError'{0x0000000088656398}: 'java.lang.Object java.lang.invoke.DirectMethodHandle$Holder.invokeStaticInit(java.lang.Object, java.lang.Object, int, int, int, int)'> (0x0000000088656398) 
thrown [s\open\src\hotspot\share\interpreter\linkResolver.cpp, line 773]
Event: 1.840 Thread 0x00000274f79fbb70 Exception <a 'java/lang/NoSuchMethodError'{0x0000000087a74ae0}: 'void java.lang.invoke.DirectMethodHandle$Holder.invokeVirtual(java.lang.Object, java.lang.Object)'> (0x0000000087a74ae0) 
thrown [s\open\src\hotspot\share\interpreter\linkResolver.cpp, line 773]
Event: 1.857 Thread 0x00000274d92e8c60 Exception <a 'java/lang/NoSuchMethodError'{0x0000000087a5e4a8}: 'void java.lang.invoke.DirectMethodHandle$Holder.invokeStaticInit(java.lang.Object)'> (0x0000000087a5e4a8) 
thrown [s\open\src\hotspot\share\interpreter\linkResolver.cpp, line 773]

ZGC Phase Switch (0 events):
No events

VM Operations (20 events):
Event: 1.152 Executing VM operation: G1CollectForAllocation (G1 Evacuation Pause)
Event: 1.163 Executing VM operation: G1CollectForAllocation (G1 Evacuation Pause) done
Event: 1.478 Executing VM operation: HandshakeAllThreads (Deoptimize)
Event: 1.478 Executing VM operation: HandshakeAllThreads (Deoptimize) done
Event: 1.554 Executing VM operation: HandshakeAllThreads (Deoptimize)
Event: 1.554 Executing VM operation: HandshakeAllThreads (Deoptimize) done
Event: 1.924 Executing VM operation: HandshakeAllThreads (Deoptimize)
Event: 1.924 Executing VM operation: HandshakeAllThreads (Deoptimize) done
Event: 2.463 Executing VM operation: G1CollectForAllocation (G1 Evacuation Pause)
Event: 2.468 Executing VM operation: G1CollectForAllocation (G1 Evacuation Pause) done
Event: 3.482 Executing VM operation: Cleanup
Event: 3.482 Executing VM operation: Cleanup done
Event: 4.491 Executing VM operation: Cleanup
Event: 4.507 Executing VM operation: Cleanup done
Event: 5.518 Executing VM operation: Cleanup
Event: 5.582 Executing VM operation: Cleanup done
Event: 6.585 Executing VM operation: Cleanup
Event: 6.601 Executing VM operation: Cleanup done
Event: 7.605 Executing VM operation: Cleanup
Event: 7.733 Executing VM operation: Cleanup done

Events (20 events):
Event: 0.086 Thread 0x00000274f75de440 Thread added: 0x00000274f75de440
Event: 0.087 Thread 0x00000274f75deea0 Thread added: 0x00000274f75deea0
Event: 0.087 Thread 0x00000274f75e03a0 Thread added: 0x00000274f75e03a0
Event: 0.087 Thread 0x00000274f75e1e70 Thread added: 0x00000274f75e1e70
Event: 0.087 Thread 0x00000274f75e5f10 Thread added: 0x00000274f75e5f10
Event: 0.122 Thread 0x00000274f78322d0 Thread added: 0x00000274f78322d0
Event: 0.129 Thread 0x00000274f7838fb0 Thread added: 0x00000274f7838fb0
Event: 0.329 Thread 0x00000274f79f2b20 Thread added: 0x00000274f79f2b20
Event: 0.331 Thread 0x00000274f79f6460 Thread added: 0x00000274f79f6460
Event: 0.333 Thread 0x00000274f79fbb70 Thread added: 0x00000274f79fbb70
Event: 1.591 Thread 0x00000274f79f6460 Thread exited: 0x00000274f79f6460
Event: 1.828 Thread 0x00000274fcfaa090 Thread added: 0x00000274fcfaa090
Event: 1.844 Thread 0x00000274fcfa3100 Thread added: 0x00000274fcfa3100
Event: 1.936 Thread 0x00000274fcd6f610 Thread added: 0x00000274fcd6f610
Event: 2.649 Thread 0x00000274fcf9be60 Thread added: 0x00000274fcf9be60
Event: 2.649 Thread 0x00000274d92e8c60 Thread exited: 0x00000274d92e8c60
Event: 2.649 Thread 0x00000274d92e8c60 Thread added: 0x00000274d92e8c60
Event: 3.570 Thread 0x00000274fd1014f0 Thread added: 0x00000274fd1014f0
Event: 3.616 Thread 0x00000274fd0f8290 Thread added: 0x00000274fd0f8290
Event: 6.871 Thread 0x00000274fce1c750 Thread added: 0x00000274fce1c750


Dynamic libraries:
0x00007ff7fbfb0000 - 0x00007ff7fbfc0000 	C:\Program Files\Java\jdk-21\bin\javaw.exe
0x00007ffe77b50000 - 0x00007ffe77d48000 	C:\WINDOWS\SYSTEM32\ntdll.dll
0x00007ffe774f0000 - 0x00007ffe775ad000 	C:\WINDOWS\System32\KERNEL32.DLL
0x00007ffe75700000 - 0x00007ffe759f6000 	C:\WINDOWS\System32\KERNELBASE.dll
0x00007ffe75a30000 - 0x00007ffe75b30000 	C:\WINDOWS\System32\ucrtbase.dll
0x00007ffe65770000 - 0x00007ffe65789000 	C:\Program Files\Java\jdk-21\bin\jli.dll
0x00007ffe62ab0000 - 0x00007ffe62acb000 	C:\Program Files\Java\jdk-21\bin\VCRUNTIME140.dll
0x00007ffe75bb0000 - 0x00007ffe75c5f000 	C:\WINDOWS\System32\ADVAPI32.dll
0x00007ffe75c60000 - 0x00007ffe75cfe000 	C:\WINDOWS\System32\msvcrt.dll
0x00007ffe77a60000 - 0x00007ffe77afc000 	C:\WINDOWS\System32\sechost.dll
0x00007ffe773c0000 - 0x00007ffe774e6000 	C:\WINDOWS\System32\RPCRT4.dll
0x00007ffe777d0000 - 0x00007ffe7796e000 	C:\WINDOWS\System32\USER32.dll
0x00007ffe75b80000 - 0x00007ffe75ba2000 	C:\WINDOWS\System32\win32u.dll
0x00007ffe75de0000 - 0x00007ffe75e0c000 	C:\WINDOWS\System32\GDI32.dll
0x00007ffe752d0000 - 0x00007ffe753ea000 	C:\WINDOWS\System32\gdi32full.dll
0x00007ffe75230000 - 0x00007ffe752cd000 	C:\WINDOWS\System32\msvcp_win.dll
0x00007ffe5ccc0000 - 0x00007ffe5cf5a000 	C:\WINDOWS\WinSxS\amd64_microsoft.windows.common-controls_6595b64144ccf1df_6.0.19041.3636_none_60b6a03d71f818d5\COMCTL32.dll
0x00007ffe6bee0000 - 0x00007ffe6beea000 	C:\WINDOWS\SYSTEM32\VERSION.dll
0x00007ffe776d0000 - 0x00007ffe77700000 	C:\WINDOWS\System32\IMM32.DLL
0x00007ffe6ac20000 - 0x00007ffe6ac2c000 	C:\Program Files\Java\jdk-21\bin\vcruntime140_1.dll
0x00007ffe155e0000 - 0x00007ffe1566e000 	C:\Program Files\Java\jdk-21\bin\msvcp140.dll
0x00007ffe0de90000 - 0x00007ffe0eba5000 	C:\Program Files\Java\jdk-21\bin\server\jvm.dll
0x00007ffe76c00000 - 0x00007ffe76c6b000 	C:\WINDOWS\System32\WS2_32.dll
0x00007ffe74c20000 - 0x00007ffe74c6b000 	C:\WINDOWS\SYSTEM32\POWRPROF.dll
0x00007ffe60f70000 - 0x00007ffe60f97000 	C:\WINDOWS\SYSTEM32\WINMM.dll
0x00007ffe74c00000 - 0x00007ffe74c12000 	C:\WINDOWS\SYSTEM32\UMPDC.dll
0x00007ffe73030000 - 0x00007ffe73042000 	C:\WINDOWS\SYSTEM32\kernel.appcore.dll
0x00007ffe6abf0000 - 0x00007ffe6abfa000 	C:\Program Files\Java\jdk-21\bin\jimage.dll
0x00007ffe6e320000 - 0x00007ffe6e504000 	C:\WINDOWS\SYSTEM32\DBGHELP.DLL
0x00007ffe6bb90000 - 0x00007ffe6bbc4000 	C:\WINDOWS\SYSTEM32\dbgcore.DLL
0x00007ffe75670000 - 0x00007ffe756f2000 	C:\WINDOWS\System32\bcryptPrimitives.dll
0x00007ffe449e0000 - 0x00007ffe449ff000 	C:\Program Files\Java\jdk-21\bin\java.dll
0x00007ffe76300000 - 0x00007ffe76a44000 	C:\WINDOWS\System32\SHELL32.dll
0x00007ffe73310000 - 0x00007ffe73aab000 	C:\WINDOWS\SYSTEM32\windows.storage.dll
0x00007ffe75f40000 - 0x00007ffe76294000 	C:\WINDOWS\System32\combase.dll
0x00007ffe74c70000 - 0x00007ffe74c9d000 	C:\WINDOWS\SYSTEM32\Wldp.dll
0x00007ffe76c70000 - 0x00007ffe76d1d000 	C:\WINDOWS\System32\SHCORE.dll
0x00007ffe77300000 - 0x00007ffe77355000 	C:\WINDOWS\System32\shlwapi.dll
0x00007ffe75160000 - 0x00007ffe75185000 	C:\WINDOWS\SYSTEM32\profapi.dll
0x00007ffe0ddb0000 - 0x00007ffe0de87000 	C:\Program Files\Java\jdk-21\bin\jsvml.dll
0x00007ffe4b6c0000 - 0x00007ffe4b84f000 	C:\Program Files\Java\jdk-21\bin\awt.dll
0x00007ffe77700000 - 0x00007ffe777cd000 	C:\WINDOWS\System32\OLEAUT32.dll
0x00007ffe72620000 - 0x00007ffe726b0000 	C:\WINDOWS\SYSTEM32\apphelp.dll
0x00007ffe73000000 - 0x00007ffe7302f000 	C:\WINDOWS\system32\DWMAPI.DLL
0x00007ffe72c40000 - 0x00007ffe72cde000 	C:\WINDOWS\system32\uxtheme.dll
0x00007ffe4c760000 - 0x00007ffe4c885000 	C:\WINDOWS\system32\opengl32.dll
0x00007ffe6fbd0000 - 0x00007ffe6fbfc000 	C:\WINDOWS\SYSTEM32\GLU32.dll
0x00007ffe775b0000 - 0x00007ffe776c4000 	C:\WINDOWS\System32\MSCTF.dll
0x00007ffe771c0000 - 0x00007ffe772eb000 	C:\WINDOWS\System32\ole32.dll
0x00007ffe359e0000 - 0x00007ffe35bad000 	C:\WINDOWS\system32\d3d9.dll
0x00007ffe60fa0000 - 0x00007ffe6117b000 	C:\WINDOWS\System32\DriverStore\FileRepository\u0382934.inf_amd64_cbf07db13ec1507d\B381983\aticfx64.dll
0x00007ffe6ea50000 - 0x00007ffe6ea83000 	C:\WINDOWS\System32\DriverStore\FileRepository\u0382934.inf_amd64_cbf07db13ec1507d\B381983\atiu9p64.dll
0x00007ffe20d60000 - 0x00007ffe21aba000 	C:\WINDOWS\System32\DriverStore\FileRepository\u0382934.inf_amd64_cbf07db13ec1507d\B381983\atiumd64.dll
0x00000000768a0000 - 0x000000007776b000 	C:\WINDOWS\System32\DriverStore\FileRepository\u0382934.inf_amd64_cbf07db13ec1507d\B381983\atiumd6a.dll
0x00007ffe5e8c0000 - 0x00007ffe5e8f0000 	C:\WINDOWS\SYSTEM32\amdihk64.dll
0x00007ffe6f8a0000 - 0x00007ffe6f8db000 	C:\WINDOWS\SYSTEM32\dxcore.dll
0x00007ffe75b30000 - 0x00007ffe75b7e000 	C:\WINDOWS\System32\cfgmgr32.dll
0x00007ffe74b60000 - 0x00007ffe74b78000 	C:\WINDOWS\SYSTEM32\CRYPTSP.dll
0x00007ffe74230000 - 0x00007ffe74264000 	C:\WINDOWS\system32\rsaenh.dll
0x00007ffe75a00000 - 0x00007ffe75a27000 	C:\WINDOWS\System32\bcrypt.dll
0x00007ffe750e0000 - 0x00007ffe7510e000 	C:\WINDOWS\SYSTEM32\USERENV.dll
0x00007ffe74b50000 - 0x00007ffe74b5c000 	C:\WINDOWS\SYSTEM32\CRYPTBASE.dll
0x00007ffe695b0000 - 0x00007ffe695c0000 	C:\Program Files\Java\jdk-21\bin\net.dll
0x00007ffe6d190000 - 0x00007ffe6d29a000 	C:\WINDOWS\SYSTEM32\WINHTTP.dll
0x00007ffe74960000 - 0x00007ffe749ca000 	C:\WINDOWS\system32\mswsock.dll
0x00007ffe745f0000 - 0x00007ffe7462b000 	C:\WINDOWS\SYSTEM32\IPHLPAPI.DLL
0x00007ffe772f0000 - 0x00007ffe772f8000 	C:\WINDOWS\System32\NSI.dll
0x00007ffe440a0000 - 0x00007ffe440b6000 	C:\Program Files\Java\jdk-21\bin\nio.dll
0x00007ffe42720000 - 0x00007ffe42738000 	C:\Program Files\Java\jdk-21\bin\zip.dll
0x00007ffe54470000 - 0x00007ffe544f7000 	C:\Program Files\Java\jdk-21\bin\freetype.dll
0x00007ffe4d490000 - 0x00007ffe4d563000 	C:\Program Files\Java\jdk-21\bin\fontmanager.dll
0x00007ffe64610000 - 0x00007ffe6470a000 	C:\WINDOWS\SYSTEM32\textinputframework.dll
0x00007ffe71980000 - 0x00007ffe71a72000 	C:\WINDOWS\System32\CoreMessaging.dll
0x00007ffe71620000 - 0x00007ffe7197b000 	C:\WINDOWS\System32\CoreUIComponents.dll
0x00007ffe720b0000 - 0x00007ffe72205000 	C:\WINDOWS\SYSTEM32\wintypes.dll
0x00007ffe74350000 - 0x00007ffe74383000 	C:\WINDOWS\SYSTEM32\ntmarta.dll
0x00007ffe75e90000 - 0x00007ffe75f39000 	C:\WINDOWS\System32\clbcatq.dll
0x00007ffe6ff50000 - 0x00007ffe6ff62000 	C:\Program Files\Java\jdk-21\bin\jsound.dll
0x00007ffe4b620000 - 0x00007ffe4b6bc000 	C:\WINDOWS\SYSTEM32\DSOUND.dll
0x00007ffe5c7e0000 - 0x00007ffe5c806000 	C:\WINDOWS\SYSTEM32\winmmbase.dll
0x00007ffe6fe40000 - 0x00007ffe6fec5000 	C:\WINDOWS\System32\MMDevApi.dll
0x00007ffe74fc0000 - 0x00007ffe74ff3000 	C:\WINDOWS\System32\DEVOBJ.dll
0x00007ffe55fd0000 - 0x00007ffe56016000 	C:\WINDOWS\SYSTEM32\wdmaud.drv
0x00007ffe6fbc0000 - 0x00007ffe6fbca000 	C:\WINDOWS\SYSTEM32\AVRT.dll
0x00007ffe72260000 - 0x00007ffe72269000 	C:\WINDOWS\SYSTEM32\ksuser.dll
0x00007ffe43140000 - 0x00007ffe432c2000 	C:\WINDOWS\SYSTEM32\AUDIOSES.DLL
0x00007ffe722d0000 - 0x00007ffe722dd000 	C:\WINDOWS\SYSTEM32\msacm32.drv
0x00007ffe518a0000 - 0x00007ffe518be000 	C:\WINDOWS\SYSTEM32\MSACM32.dll
0x00007ffe713c0000 - 0x00007ffe713cb000 	C:\WINDOWS\SYSTEM32\midimap.dll
0x00007ffe72d10000 - 0x00007ffe72d24000 	C:\WINDOWS\SYSTEM32\resourcepolicyclient.dll
0x00007ffe64710000 - 0x00007ffe64851000 	C:\Windows\System32\Windows.UI.dll
0x00007ffe64560000 - 0x00007ffe64601000 	C:\Windows\System32\WindowManagementAPI.dll
0x00007ffe63e60000 - 0x00007ffe63fb2000 	C:\Windows\System32\InputHost.dll
0x00007ffe712b0000 - 0x00007ffe713a6000 	C:\Windows\System32\PROPSYS.dll
0x00007ffe6de30000 - 0x00007ffe6e037000 	C:\WINDOWS\SYSTEM32\twinapi.appcore.dll

dbghelp: loaded successfully - version: 4.0.5 - missing functions: none
symbol engine: initialized successfully - sym options: 0x614 - pdb path: .;C:\Program Files\Java\jdk-21\bin;C:\WINDOWS\SYSTEM32;C:\WINDOWS\WinSxS\amd64_microsoft.windows.common-controls_6595b64144ccf1df_6.0.19041.3636_none_60b6a03d71f818d5;C:\Program Files\Java\jdk-21\bin\server;C:\WINDOWS\System32\DriverStore\FileRepository\u0382934.inf_amd64_cbf07db13ec1507d\B381983

VM Arguments:
jvm_args: -Dfile.encoding=UTF-8 -Dstdout.encoding=UTF-8 -Dstderr.encoding=UTF-8 -XX:+ShowCodeDetailsInExceptionMessages 
java_command: main.Main
java_class_path (initial): C:\Users\cedom\eclipse-workspace\Avanture_Crvenog\bin
Launcher Type: SUN_STANDARD

[Global flags]
     intx CICompilerCount                          = 3                                         {product} {ergonomic}
     uint ConcGCThreads                            = 1                                         {product} {ergonomic}
     uint G1ConcRefinementThreads                  = 4                                         {product} {ergonomic}
   size_t G1HeapRegionSize                         = 1048576                                   {product} {ergonomic}
    uintx GCDrainStackTargetSize                   = 64                                        {product} {ergonomic}
   size_t InitialHeapSize                          = 134217728                                 {product} {ergonomic}
   size_t MarkStackSize                            = 4194304                                   {product} {ergonomic}
   size_t MaxHeapSize                              = 2134900736                                {product} {ergonomic}
   size_t MaxNewSize                               = 1280311296                                {product} {ergonomic}
   size_t MinHeapDeltaBytes                        = 1048576                                   {product} {ergonomic}
   size_t MinHeapSize                              = 8388608                                   {product} {ergonomic}
    uintx NonNMethodCodeHeapSize                   = 5832780                                {pd product} {ergonomic}
    uintx NonProfiledCodeHeapSize                  = 122912730                              {pd product} {ergonomic}
    uintx ProfiledCodeHeapSize                     = 122912730                              {pd product} {ergonomic}
    uintx ReservedCodeCacheSize                    = 251658240                              {pd product} {ergonomic}
     bool SegmentedCodeCache                       = true                                      {product} {ergonomic}
     bool ShowCodeDetailsInExceptionMessages       = true                                   {manageable} {command line}
   size_t SoftMaxHeapSize                          = 2134900736                             {manageable} {ergonomic}
     bool UseCompressedOops                        = true                           {product lp64_product} {ergonomic}
     bool UseG1GC                                  = true                                      {product} {ergonomic}
     bool UseLargePagesIndividualAllocation        = false                                  {pd product} {ergonomic}

Logging:
Log output configuration:
 #0: stdout all=warning uptime,level,tags foldmultilines=false
 #1: stderr all=off uptime,level,tags foldmultilines=false

Environment Variables:
PATH=C:\Program Files\Common Files\Oracle\Java\javapath;C:\WINDOWS\system32;C:\WINDOWS;C:\WINDOWS\System32\Wbem;C:\WINDOWS\System32\WindowsPowerShell\v1.0\;C:\WINDOWS\System32\OpenSSH\;C:\Program Files (x86)\Microsoft SQL Server\160\Tools\Binn\;C:\Program Files\Microsoft SQL Server\160\Tools\Binn\;C:\Program Files\Microsoft SQL Server\Client SDK\ODBC\170\Tools\Binn\;C:\Program Files\Microsoft SQL Server\160\DTS\Binn\;C:\Program Files (x86)\Microsoft SQL Server\160\DTS\Binn\;C:\Program Files\Azure Data Studio\bin;C:\Program Files\Microsoft SQL Server\130\Tools\Binn\;C:\Program Files\Git\cmd;C:\Users\cedom\AppData\Local\Microsoft\WindowsApps;;C:\Program Files\Azure Data Studio\bin;C:\Users\cedom\AppData\Local\Programs\Microsoft VS Code\bin
USERNAME=cedom
OS=Windows_NT
PROCESSOR_IDENTIFIER=AMD64 Family 21 Model 48 Stepping 1, AuthenticAMD
TMP=C:\Users\cedom\AppData\Local\Temp
TEMP=C:\Users\cedom\AppData\Local\Temp




Periodic native trim disabled

---------------  S Y S T E M  ---------------

OS:
 Windows 10 , 64 bit Build 19041 (10.0.19041.3636)
OS uptime: 27 days 22:13 hours

CPU: total 4 (initial active 4) (4 cores per cpu, 1 threads per core) family 21 model 48 stepping 1 microcode 0x0, cx8, cmov, fxsr, mmx, 3dnowpref, sse, sse2, sse3, ssse3, sse4a, sse4.1, sse4.2, popcnt, lzcnt, tsc, tscinvbit, avx, aes, clmul, bmi1, fma, vzeroupper, clflush, rdtscp, f16c
Processor Information for all 4 processors :
  Max Mhz: 3500, Current Mhz: 3500, Mhz Limit: 3500

Memory: 4k page, system-wide physical 8138M (310M free)
TotalPageFile size 32714M (AvailPageFile size 2M)
current process WorkingSet (physical memory assigned to process): 139M, peak: 139M
current process commit charge ("private bytes"): 268M, peak: 277M

vm_info: Java HotSpot(TM) 64-Bit Server VM (21.0.1+12-LTS-29) for windows-amd64 JRE (21.0.1+12-LTS-29), built on 2023-10-05T13:27:09Z by "mach5one" with MS VC++ 17.1 (VS2022)

END.
