#
# There is insufficient memory for the Java Runtime Environment to continue.
# Native memory allocation (malloc) failed to allocate 32744 bytes for Chunk::new
# Possible reasons:
#   The system is out of physical RAM or swap space
#   The process is running with CompressedOops enabled, and the Java Heap may be blocking the growth of the native heap
# Possible solutions:
#   Reduce memory load on the system
#   Increase physical memory or swap space
#   Check if swap backing store is full
#   Decrease Java heap size (-Xmx/-Xms)
#   Decrease number of Java threads
#   Decrease Java thread stack sizes (-Xss)
#   Set larger code cache with -XX:ReservedCodeCacheSize=
#   JVM is running with Unscaled Compressed Oops mode in which the Java heap is
#     placed in the first 4GB address space. The Java Heap base address is the
#     maximum limit for the native heap growth. Please use -XX:HeapBaseMinAddress
#     to set the Java Heap base and to place the Java Heap above 4GB virtual address.
# This output file may be truncated or incomplete.
#
#  Out of Memory Error (arena.cpp:168), pid=6524, tid=8240
#
# JRE version: Java(TM) SE Runtime Environment (21.0.1+12) (build 21.0.1+12-LTS-29)
# Java VM: Java HotSpot(TM) 64-Bit Server VM (21.0.1+12-LTS-29, mixed mode, sharing, tiered, compressed oops, compressed class ptrs, g1 gc, windows-amd64)
# No core dump will be written. Minidumps are not enabled by default on client versions of Windows
#

---------------  S U M M A R Y ------------

Command Line: -Dfile.encoding=UTF-8 -Dstdout.encoding=UTF-8 -Dstderr.encoding=UTF-8 -XX:+ShowCodeDetailsInExceptionMessages main.Main

Host: AMD A10-7800 Radeon R7, 12 Compute Cores 4C+8G , 4 cores, 7G,  Windows 10 , 64 bit Build 19041 (10.0.19041.3636)
Time: Mon Dec  4 02:50:25 2023 Central Europe Standard Time elapsed time: 38.076678 seconds (0d 0h 0m 38s)

---------------  T H R E A D  ---------------

Current thread (0x000002f7730dcce0):  JavaThread "C1 CompilerThread0" daemon [_thread_in_native, id=8240, stack(0x000000f9a2600000,0x000000f9a2700000) (1024K)]


Current CompileTask:
C1:  38076 2046   !   3       java.awt.DefaultKeyboardFocusManager::
[error occurred during error reporting (printing current compile task), id 0xe0000001, Out of Memory Error (s\open\src\hotspot\share\memory\arena.cpp:168)]
Stack: [0x000000f9a2600000,0x000000f9a2700000]
Native frames: (J=compiled Java code, j=interpreted, Vv=VM code, C=native code)
V  [jvm.dll+0x6c9029]
V  [jvm.dll+0x854b81]
V  [jvm.dll+0x856e5e]
V  [jvm.dll+0x857543]
V  [jvm.dll+0x280c06]
V  [jvm.dll+0xc3ead]
V  [jvm.dll+0xc43c3]
V  [jvm.dll+0x7bf9ed]
V  [jvm.dll+0x67bd95]
V  [jvm.dll+0x25c777]
V  [jvm.dll+0x25cd07]
V  [jvm.dll+0x8549f7]
V  [jvm.dll+0x856e5e]
V  [jvm.dll+0x857543]
V  [jvm.dll+0x280c06]
V  [jvm.dll+0xc3ead]
V  [jvm.dll+0xc43c3]
V  [jvm.dll+0x19619a]
V  [jvm.dll+0x19bf33]
V  [jvm.dll+0x19eafe]
V  [jvm.dll+0x19f107]
V  [jvm.dll+0x1974b0]
V  [jvm.dll+0x1969bb]
V  [jvm.dll+0x19fbfb]
V  [jvm.dll+0x197b38]
V  [jvm.dll+0x19b012]
V  [jvm.dll+0x154753]
V  [jvm.dll+0x154008]
V  [jvm.dll+0x154244]
V  [jvm.dll+0x153686]
V  [jvm.dll+0x1553ed]
V  [jvm.dll+0x2586b9]
V  [jvm.dll+0x256c9a]
V  [jvm.dll+0x3ef1b6]
V  [jvm.dll+0x7fd728]
V  [jvm.dll+0x6c777d]
C  [ucrtbase.dll+0x21bb2]
C  [KERNEL32.DLL+0x17344]
C  [ntdll.dll+0x526b1]


---------------  P R O C E S S  ---------------

Threads class SMR info:
_java_thread_list=0x000002f7415028e0, length=64, elements={
0x000002f7730aace0, 0x000002f7730ac3a0, 0x000002f7730b1b10, 0x000002f7730b27f0,
0x000002f7730b4ad0, 0x000002f7730b91d0, 0x000002f7730da710, 0x000002f7730dcce0,
0x000002f7733450f0, 0x000002f77334efa0, 0x000002f773516350, 0x000002f773527bd0,
0x000002f77351e7d0, 0x000002f77351f0e0, 0x000002f778e70980, 0x000002f778dd8d80,
0x000002f754ee91c0, 0x000002f779030530, 0x000002f778c28030, 0x000002f778c91050,
0x000002f778c909c0, 0x000002f778c8f610, 0x000002f778c92a90, 0x000002f778c90330,
0x000002f778c8fca0, 0x000002f778c916e0, 0x000002f778c91d70, 0x000002f778c92400,
0x000002f77909b550, 0x000002f77909e9d0, 0x000002f77909cf90, 0x000002f77909aec0,
0x000002f779097a40, 0x000002f779098760, 0x000002f779098df0, 0x000002f779099480,
0x000002f779099b10, 0x000002f77909e340, 0x000002f77909f060, 0x000002f77909a830,
0x000002f7790980d0, 0x000002f77909a1a0, 0x000002f77909bbe0, 0x000002f77909d620,
0x000002f77909c900, 0x000002f77909c270, 0x000002f77909dcb0, 0x000002f778c9b150,
0x000002f778c94850, 0x000002f778c9aac0, 0x000002f778c941c0, 0x000002f778c97640,
0x000002f778c99080, 0x000002f778c94ee0, 0x000002f778c99710, 0x000002f778c95570,
0x000002f778c95c00, 0x000002f778c96290, 0x000002f778c9b7e0, 0x000002f778c99da0,
0x000002f778c96fb0, 0x000002f778c97cd0, 0x000002f778c96920, 0x000002f778c98360
}

Java Threads: ( => current thread )
  0x000002f7730aace0 JavaThread "Reference Handler"          daemon [_thread_blocked, id=24884, stack(0x000000f9a1f00000,0x000000f9a2000000) (1024K)]
  0x000002f7730ac3a0 JavaThread "Finalizer"                  daemon [_thread_blocked, id=29524, stack(0x000000f9a2000000,0x000000f9a2100000) (1024K)]
  0x000002f7730b1b10 JavaThread "Signal Dispatcher"          daemon [_thread_blocked, id=25260, stack(0x000000f9a2100000,0x000000f9a2200000) (1024K)]
  0x000002f7730b27f0 JavaThread "Attach Listener"            daemon [_thread_blocked, id=15100, stack(0x000000f9a2200000,0x000000f9a2300000) (1024K)]
  0x000002f7730b4ad0 JavaThread "Service Thread"             daemon [_thread_blocked, id=1876, stack(0x000000f9a2300000,0x000000f9a2400000) (1024K)]
  0x000002f7730b91d0 JavaThread "Monitor Deflation Thread"   daemon [_thread_blocked, id=18708, stack(0x000000f9a2400000,0x000000f9a2500000) (1024K)]
  0x000002f7730da710 JavaThread "C2 CompilerThread0"         daemon [_thread_blocked, id=3896, stack(0x000000f9a2500000,0x000000f9a2600000) (1024K)]
=>0x000002f7730dcce0 JavaThread "C1 CompilerThread0"         daemon [_thread_in_native, id=8240, stack(0x000000f9a2600000,0x000000f9a2700000) (1024K)]
  0x000002f7733450f0 JavaThread "Notification Thread"        daemon [_thread_blocked, id=30044, stack(0x000000f9a2700000,0x000000f9a2800000) (1024K)]
  0x000002f77334efa0 JavaThread "Common-Cleaner"             daemon [_thread_blocked, id=25120, stack(0x000000f9a2800000,0x000000f9a2900000) (1024K)]
  0x000002f773516350 JavaThread "Java2D Disposer"            daemon [_thread_blocked, id=15140, stack(0x000000f9a2900000,0x000000f9a2a00000) (1024K)]
  0x000002f773527bd0 JavaThread "AWT-Windows"                daemon [_thread_in_native, id=20100, stack(0x000000f9a2b00000,0x000000f9a2c00000) (1024K)]
  0x000002f77351e7d0 JavaThread "AWT-Shutdown"                      [_thread_blocked, id=29408, stack(0x000000f9a2a00000,0x000000f9a2b00000) (1024K)]
  0x000002f77351f0e0 JavaThread "AWT-EventQueue-0"                  [_thread_blocked, id=11592, stack(0x000000f9a3600000,0x000000f9a3700000) (1024K)]
  0x000002f778e70980 JavaThread "D3D Screen Updater"         daemon [_thread_blocked, id=26552, stack(0x000000f9a3700000,0x000000f9a3800000) (1024K)]
  0x000002f778dd8d80 JavaThread "Thread-0"                          [_thread_in_Java, id=26988, stack(0x000000f9a3800000,0x000000f9a3900000) (1024K)]
  0x000002f754ee91c0 JavaThread "DestroyJavaVM"                     [_thread_blocked, id=10496, stack(0x000000f9a1700000,0x000000f9a1800000) (1024K)]
  0x000002f779030530 JavaThread "Java Sound Event Dispatcher" daemon [_thread_blocked, id=11328, stack(0x000000f9a3b00000,0x000000f9a3c00000) (1024K)]
  0x000002f778c28030 JavaThread "Direct Clip"                daemon [_thread_in_vm, id=24940, stack(0x000000f9a3e00000,0x000000f9a3f00000) (1024K)]
  0x000002f778c91050 JavaThread "Direct Clip"                daemon [_thread_blocked, id=4728, stack(0x000000f9a4200000,0x000000f9a4300000) (1024K)]
  0x000002f778c909c0 JavaThread "Direct Clip"                daemon [_thread_blocked, id=13892, stack(0x000000f9a4300000,0x000000f9a4400000) (1024K)]
  0x000002f778c8f610 JavaThread "Direct Clip"                daemon [_thread_blocked, id=18308, stack(0x000000f9a4400000,0x000000f9a4500000) (1024K)]
  0x000002f778c92a90 JavaThread "Direct Clip"                daemon [_thread_blocked, id=17996, stack(0x000000f9a4500000,0x000000f9a4600000) (1024K)]
  0x000002f778c90330 JavaThread "Direct Clip"                daemon [_thread_blocked, id=6280, stack(0x000000f9a4600000,0x000000f9a4700000) (1024K)]
  0x000002f778c8fca0 JavaThread "Direct Clip"                daemon [_thread_blocked, id=30232, stack(0x000000f9a4700000,0x000000f9a4800000) (1024K)]
  0x000002f778c916e0 JavaThread "Direct Clip"                daemon [_thread_blocked, id=26444, stack(0x000000f9a4800000,0x000000f9a4900000) (1024K)]
  0x000002f778c91d70 JavaThread "Direct Clip"                daemon [_thread_blocked, id=26372, stack(0x000000f9a4900000,0x000000f9a4a00000) (1024K)]
  0x000002f778c92400 JavaThread "Direct Clip"                daemon [_thread_blocked, id=22044, stack(0x000000f9a4a00000,0x000000f9a4b00000) (1024K)]
  0x000002f77909b550 JavaThread "Direct Clip"                daemon [_thread_blocked, id=12096, stack(0x000000f9a4b00000,0x000000f9a4c00000) (1024K)]
  0x000002f77909e9d0 JavaThread "Direct Clip"                daemon [_thread_blocked, id=24388, stack(0x000000f9a4c00000,0x000000f9a4d00000) (1024K)]
  0x000002f77909cf90 JavaThread "Direct Clip"                daemon [_thread_blocked, id=3176, stack(0x000000f9a4d00000,0x000000f9a4e00000) (1024K)]
  0x000002f77909aec0 JavaThread "Direct Clip"                daemon [_thread_blocked, id=6056, stack(0x000000f9a4e00000,0x000000f9a4f00000) (1024K)]
  0x000002f779097a40 JavaThread "Direct Clip"                daemon [_thread_blocked, id=22428, stack(0x000000f9a4f00000,0x000000f9a5000000) (1024K)]
  0x000002f779098760 JavaThread "Direct Clip"                daemon [_thread_blocked, id=28832, stack(0x000000f9a5000000,0x000000f9a5100000) (1024K)]
  0x000002f779098df0 JavaThread "Direct Clip"                daemon [_thread_blocked, id=24876, stack(0x000000f9a5100000,0x000000f9a5200000) (1024K)]
  0x000002f779099480 JavaThread "Direct Clip"                daemon [_thread_blocked, id=4504, stack(0x000000f9a5200000,0x000000f9a5300000) (1024K)]
  0x000002f779099b10 JavaThread "Direct Clip"                daemon [_thread_blocked, id=15144, stack(0x000000f9a5300000,0x000000f9a5400000) (1024K)]
  0x000002f77909e340 JavaThread "Direct Clip"                daemon [_thread_blocked, id=9952, stack(0x000000f9a5400000,0x000000f9a5500000) (1024K)]
  0x000002f77909f060 JavaThread "Direct Clip"                daemon [_thread_blocked, id=20564, stack(0x000000f9a5500000,0x000000f9a5600000) (1024K)]
  0x000002f77909a830 JavaThread "Direct Clip"                daemon [_thread_blocked, id=30268, stack(0x000000f9a5600000,0x000000f9a5700000) (1024K)]
  0x000002f7790980d0 JavaThread "Direct Clip"                daemon [_thread_blocked, id=26096, stack(0x000000f9a5700000,0x000000f9a5800000) (1024K)]
  0x000002f77909a1a0 JavaThread "Direct Clip"                daemon [_thread_blocked, id=23052, stack(0x000000f9a5800000,0x000000f9a5900000) (1024K)]
  0x000002f77909bbe0 JavaThread "Direct Clip"                daemon [_thread_blocked, id=21632, stack(0x000000f9a5900000,0x000000f9a5a00000) (1024K)]
  0x000002f77909d620 JavaThread "Direct Clip"                daemon [_thread_blocked, id=26232, stack(0x000000f9a5a00000,0x000000f9a5b00000) (1024K)]
  0x000002f77909c900 JavaThread "Direct Clip"                daemon [_thread_blocked, id=29272, stack(0x000000f9a5b00000,0x000000f9a5c00000) (1024K)]
  0x000002f77909c270 JavaThread "Direct Clip"                daemon [_thread_blocked, id=14108, stack(0x000000f9a5c00000,0x000000f9a5d00000) (1024K)]
  0x000002f77909dcb0 JavaThread "Direct Clip"                daemon [_thread_blocked, id=5440, stack(0x000000f9a5d00000,0x000000f9a5e00000) (1024K)]
  0x000002f778c9b150 JavaThread "Direct Clip"                daemon [_thread_blocked, id=15660, stack(0x000000f9a5e00000,0x000000f9a5f00000) (1024K)]
  0x000002f778c94850 JavaThread "Direct Clip"                daemon [_thread_blocked, id=21300, stack(0x000000f9a5f00000,0x000000f9a6000000) (1024K)]
  0x000002f778c9aac0 JavaThread "Direct Clip"                daemon [_thread_blocked, id=19364, stack(0x000000f9a6000000,0x000000f9a6100000) (1024K)]
  0x000002f778c941c0 JavaThread "Direct Clip"                daemon [_thread_blocked, id=21016, stack(0x000000f9a6100000,0x000000f9a6200000) (1024K)]
  0x000002f778c97640 JavaThread "Direct Clip"                daemon [_thread_blocked, id=24068, stack(0x000000f9a6200000,0x000000f9a6300000) (1024K)]
  0x000002f778c99080 JavaThread "Direct Clip"                daemon [_thread_blocked, id=15060, stack(0x000000f9a6300000,0x000000f9a6400000) (1024K)]
  0x000002f778c94ee0 JavaThread "Direct Clip"                daemon [_thread_blocked, id=13784, stack(0x000000f9a6400000,0x000000f9a6500000) (1024K)]
  0x000002f778c99710 JavaThread "Direct Clip"                daemon [_thread_blocked, id=11612, stack(0x000000f9a6500000,0x000000f9a6600000) (1024K)]
  0x000002f778c95570 JavaThread "Direct Clip"                daemon [_thread_blocked, id=21972, stack(0x000000f9a6600000,0x000000f9a6700000) (1024K)]
  0x000002f778c95c00 JavaThread "Direct Clip"                daemon [_thread_blocked, id=17340, stack(0x000000f9a6700000,0x000000f9a6800000) (1024K)]
  0x000002f778c96290 JavaThread "Direct Clip"                daemon [_thread_blocked, id=29500, stack(0x000000f9a6800000,0x000000f9a6900000) (1024K)]
  0x000002f778c9b7e0 JavaThread "Direct Clip"                daemon [_thread_blocked, id=4156, stack(0x000000f9a6900000,0x000000f9a6a00000) (1024K)]
  0x000002f778c99da0 JavaThread "Direct Clip"                daemon [_thread_blocked, id=25896, stack(0x000000f9a6a00000,0x000000f9a6b00000) (1024K)]
  0x000002f778c96fb0 JavaThread "Direct Clip"                daemon [_thread_blocked, id=2152, stack(0x000000f9a6b00000,0x000000f9a6c00000) (1024K)]
  0x000002f778c97cd0 JavaThread "Direct Clip"                daemon [_thread_blocked, id=12872, stack(0x000000f9a6c00000,0x000000f9a6d00000) (1024K)]
  0x000002f778c96920 JavaThread "Direct Clip"                daemon [_thread_blocked, id=18172, stack(0x000000f9a6d00000,0x000000f9a6e00000) (1024K)]
  0x000002f778c98360 JavaThread "Direct Clip"                daemon [_thread_blocked, id=26448, stack(0x000000f9a6e00000,0x000000f9a6f00000) (1024K)]
Total: 64

Other Threads:
  0x000002f773088410 VMThread "VM Thread"                           [id=10404, stack(0x000000f9a1e00000,0x000000f9a1f00000) (1024K)]
  0x000002f773070880 WatcherThread "VM Periodic Task Thread"        [id=3856, stack(0x000000f9a1d00000,0x000000f9a1e00000) (1024K)]
  0x000002f754eef7c0 WorkerThread "GC Thread#0"                     [id=11372, stack(0x000000f9a1800000,0x000000f9a1900000) (1024K)]
  0x000002f778d4fa40 WorkerThread "GC Thread#1"                     [id=2696, stack(0x000000f9a3300000,0x000000f9a3400000) (1024K)]
  0x000002f778d7dde0 WorkerThread "GC Thread#2"                     [id=27148, stack(0x000000f9a3400000,0x000000f9a3500000) (1024K)]
  0x000002f778d89070 WorkerThread "GC Thread#3"                     [id=23632, stack(0x000000f9a3500000,0x000000f9a3600000) (1024K)]
  0x000002f75712e010 ConcurrentGCThread "G1 Main Marker"            [id=14556, stack(0x000000f9a1900000,0x000000f9a1a00000) (1024K)]
  0x000002f75712ea20 WorkerThread "G1 Conc#0"                       [id=22420, stack(0x000000f9a1a00000,0x000000f9a1b00000) (1024K)]
  0x000002f75715ea50 ConcurrentGCThread "G1 Refine#0"               [id=12984, stack(0x000000f9a1b00000,0x000000f9a1c00000) (1024K)]
  0x000002f772f336d0 ConcurrentGCThread "G1 Service"                [id=3020, stack(0x000000f9a1c00000,0x000000f9a1d00000) (1024K)]
Total: 10

Threads with active compile tasks:
C1 CompilerThread0    38169 2046   !   3       java.awt.DefaultKeyboardFocusManager::dispatchEvent (1625 bytes)
Total: 1

VM state: not at safepoint (normal execution)

VM Mutex/Monitor currently owned by a thread: None

Heap address: 0x0000000080c00000, size: 2036 MB, Compressed Oops mode: 32-bit

CDS archive(s) mapped at: [0x000002f700000000-0x000002f700c90000-0x000002f700c90000), size 13172736, SharedBaseAddress: 0x000002f700000000, ArchiveRelocationMode: 1.
Compressed class space mapped at: 0x000002f701000000-0x000002f741000000, reserved size: 1073741824
Narrow klass base: 0x000002f700000000, Narrow klass shift: 0, Narrow klass range: 0x100000000

GC Precious Log:
 CardTable entry size: 512
 Card Set container configuration: InlinePtr #cards 5 size 8 Array Of Cards #cards 12 size 40 Howl #buckets 4 coarsen threshold 1843 Howl Bitmap #cards 512 size 80 coarsen threshold 460 Card regions per heap region 1 cards per card region 2048
 CPUs: 4 total, 4 available
 Memory: 8138M
 Large Page Support: Disabled
 NUMA Support: Disabled
 Compressed Oops: Enabled (32-bit)
 Heap Region Size: 1M
 Heap Min Capacity: 8M
 Heap Initial Capacity: 128M
 Heap Max Capacity: 2036M
 Pre-touch: Disabled
 Parallel Workers: 4
 Concurrent Workers: 1
 Concurrent Refinement Workers: 4
 Periodic GC: Disabled

Heap:
 garbage-first heap   total 131072K, used 55062K [0x0000000080c00000, 0x0000000100000000)
  region size 1024K, 44 young (45056K), 2 survivors (2048K)
 Metaspace       used 9250K, committed 9536K, reserved 1114112K
  class space    used 917K, committed 1024K, reserved 1048576K

Heap Regions: E=young(eden), S=young(survivor), O=old, HS=humongous(starts), HC=humongous(continues), CS=collection set, F=free, TAMS=top-at-mark-start, PB=parsable bottom
|   0|0x0000000080c00000, 0x0000000080d00000, 0x0000000080d00000|100%| O|  |TAMS 0x0000000080c00000| PB 0x0000000080c00000| Untracked 
|   1|0x0000000080d00000, 0x0000000080e00000, 0x0000000080e00000|100%|HS|  |TAMS 0x0000000080d00000| PB 0x0000000080d00000| Complete 
|   2|0x0000000080e00000, 0x0000000080f00000, 0x0000000080f00000|100%|HC|  |TAMS 0x0000000080e00000| PB 0x0000000080e00000| Complete 
|   3|0x0000000080f00000, 0x0000000081000000, 0x0000000081000000|100%|HC|  |TAMS 0x0000000080f00000| PB 0x0000000080f00000| Complete 
|   4|0x0000000081000000, 0x0000000081100000, 0x0000000081100000|100%|HC|  |TAMS 0x0000000081000000| PB 0x0000000081000000| Complete 
|   5|0x0000000081100000, 0x0000000081200000, 0x0000000081200000|100%|HC|  |TAMS 0x0000000081100000| PB 0x0000000081100000| Complete 
|   6|0x0000000081200000, 0x0000000081300000, 0x0000000081300000|100%|HC|  |TAMS 0x0000000081200000| PB 0x0000000081200000| Complete 
|   7|0x0000000081300000, 0x0000000081400000, 0x0000000081400000|100%|HC|  |TAMS 0x0000000081300000| PB 0x0000000081300000| Complete 
|   8|0x0000000081400000, 0x0000000081500000, 0x0000000081500000|100%|HC|  |TAMS 0x0000000081400000| PB 0x0000000081400000| Complete 
|   9|0x0000000081500000, 0x0000000081600000, 0x0000000081600000|100%|HC|  |TAMS 0x0000000081500000| PB 0x0000000081500000| Complete 
|  10|0x0000000081600000, 0x0000000081700000, 0x0000000081700000|100%|HC|  |TAMS 0x0000000081600000| PB 0x0000000081600000| Complete 
|  11|0x0000000081700000, 0x0000000081800000, 0x0000000081800000|100%| O|  |TAMS 0x0000000081700000| PB 0x0000000081700000| Untracked 
|  12|0x0000000081800000, 0x0000000081825c00, 0x0000000081900000| 14%| O|  |TAMS 0x0000000081800000| PB 0x0000000081800000| Untracked 
|  13|0x0000000081900000, 0x0000000081900000, 0x0000000081a00000|  0%| F|  |TAMS 0x0000000081900000| PB 0x0000000081900000| Untracked 
|  14|0x0000000081a00000, 0x0000000081a00000, 0x0000000081b00000|  0%| F|  |TAMS 0x0000000081a00000| PB 0x0000000081a00000| Untracked 
|  15|0x0000000081b00000, 0x0000000081b00000, 0x0000000081c00000|  0%| F|  |TAMS 0x0000000081b00000| PB 0x0000000081b00000| Untracked 
|  16|0x0000000081c00000, 0x0000000081c00000, 0x0000000081d00000|  0%| F|  |TAMS 0x0000000081c00000| PB 0x0000000081c00000| Untracked 
|  17|0x0000000081d00000, 0x0000000081d00000, 0x0000000081e00000|  0%| F|  |TAMS 0x0000000081d00000| PB 0x0000000081d00000| Untracked 
|  18|0x0000000081e00000, 0x0000000081e00000, 0x0000000081f00000|  0%| F|  |TAMS 0x0000000081e00000| PB 0x0000000081e00000| Untracked 
|  19|0x0000000081f00000, 0x0000000081f00000, 0x0000000082000000|  0%| F|  |TAMS 0x0000000081f00000| PB 0x0000000081f00000| Untracked 
|  20|0x0000000082000000, 0x0000000082000000, 0x0000000082100000|  0%| F|  |TAMS 0x0000000082000000| PB 0x0000000082000000| Untracked 
|  21|0x0000000082100000, 0x0000000082100000, 0x0000000082200000|  0%| F|  |TAMS 0x0000000082100000| PB 0x0000000082100000| Untracked 
|  22|0x0000000082200000, 0x0000000082200000, 0x0000000082300000|  0%| F|  |TAMS 0x0000000082200000| PB 0x0000000082200000| Untracked 
|  23|0x0000000082300000, 0x0000000082300000, 0x0000000082400000|  0%| F|  |TAMS 0x0000000082300000| PB 0x0000000082300000| Untracked 
|  24|0x0000000082400000, 0x0000000082400000, 0x0000000082500000|  0%| F|  |TAMS 0x0000000082400000| PB 0x0000000082400000| Untracked 
|  25|0x0000000082500000, 0x0000000082500000, 0x0000000082600000|  0%| F|  |TAMS 0x0000000082500000| PB 0x0000000082500000| Untracked 
|  26|0x0000000082600000, 0x0000000082600000, 0x0000000082700000|  0%| F|  |TAMS 0x0000000082600000| PB 0x0000000082600000| Untracked 
|  27|0x0000000082700000, 0x0000000082700000, 0x0000000082800000|  0%| F|  |TAMS 0x0000000082700000| PB 0x0000000082700000| Untracked 
|  28|0x0000000082800000, 0x0000000082800000, 0x0000000082900000|  0%| F|  |TAMS 0x0000000082800000| PB 0x0000000082800000| Untracked 
|  29|0x0000000082900000, 0x0000000082900000, 0x0000000082a00000|  0%| F|  |TAMS 0x0000000082900000| PB 0x0000000082900000| Untracked 
|  30|0x0000000082a00000, 0x0000000082a00000, 0x0000000082b00000|  0%| F|  |TAMS 0x0000000082a00000| PB 0x0000000082a00000| Untracked 
|  31|0x0000000082b00000, 0x0000000082b00000, 0x0000000082c00000|  0%| F|  |TAMS 0x0000000082b00000| PB 0x0000000082b00000| Untracked 
|  32|0x0000000082c00000, 0x0000000082c00000, 0x0000000082d00000|  0%| F|  |TAMS 0x0000000082c00000| PB 0x0000000082c00000| Untracked 
|  33|0x0000000082d00000, 0x0000000082d00000, 0x0000000082e00000|  0%| F|  |TAMS 0x0000000082d00000| PB 0x0000000082d00000| Untracked 
|  34|0x0000000082e00000, 0x0000000082e00000, 0x0000000082f00000|  0%| F|  |TAMS 0x0000000082e00000| PB 0x0000000082e00000| Untracked 
|  35|0x0000000082f00000, 0x0000000082f00000, 0x0000000083000000|  0%| F|  |TAMS 0x0000000082f00000| PB 0x0000000082f00000| Untracked 
|  36|0x0000000083000000, 0x0000000083000000, 0x0000000083100000|  0%| F|  |TAMS 0x0000000083000000| PB 0x0000000083000000| Untracked 
|  37|0x0000000083100000, 0x0000000083100000, 0x0000000083200000|  0%| F|  |TAMS 0x0000000083100000| PB 0x0000000083100000| Untracked 
|  38|0x0000000083200000, 0x0000000083200000, 0x0000000083300000|  0%| F|  |TAMS 0x0000000083200000| PB 0x0000000083200000| Untracked 
|  39|0x0000000083300000, 0x0000000083300000, 0x0000000083400000|  0%| F|  |TAMS 0x0000000083300000| PB 0x0000000083300000| Untracked 
|  40|0x0000000083400000, 0x0000000083400000, 0x0000000083500000|  0%| F|  |TAMS 0x0000000083400000| PB 0x0000000083400000| Untracked 
|  41|0x0000000083500000, 0x0000000083500000, 0x0000000083600000|  0%| F|  |TAMS 0x0000000083500000| PB 0x0000000083500000| Untracked 
|  42|0x0000000083600000, 0x0000000083600000, 0x0000000083700000|  0%| F|  |TAMS 0x0000000083600000| PB 0x0000000083600000| Untracked 
|  43|0x0000000083700000, 0x0000000083700000, 0x0000000083800000|  0%| F|  |TAMS 0x0000000083700000| PB 0x0000000083700000| Untracked 
|  44|0x0000000083800000, 0x0000000083800000, 0x0000000083900000|  0%| F|  |TAMS 0x0000000083800000| PB 0x0000000083800000| Untracked 
|  45|0x0000000083900000, 0x0000000083900000, 0x0000000083a00000|  0%| F|  |TAMS 0x0000000083900000| PB 0x0000000083900000| Untracked 
|  46|0x0000000083a00000, 0x0000000083a00000, 0x0000000083b00000|  0%| F|  |TAMS 0x0000000083a00000| PB 0x0000000083a00000| Untracked 
|  47|0x0000000083b00000, 0x0000000083b00000, 0x0000000083c00000|  0%| F|  |TAMS 0x0000000083b00000| PB 0x0000000083b00000| Untracked 
|  48|0x0000000083c00000, 0x0000000083c00000, 0x0000000083d00000|  0%| F|  |TAMS 0x0000000083c00000| PB 0x0000000083c00000| Untracked 
|  49|0x0000000083d00000, 0x0000000083d00000, 0x0000000083e00000|  0%| F|  |TAMS 0x0000000083d00000| PB 0x0000000083d00000| Untracked 
|  50|0x0000000083e00000, 0x0000000083e00000, 0x0000000083f00000|  0%| F|  |TAMS 0x0000000083e00000| PB 0x0000000083e00000| Untracked 
|  51|0x0000000083f00000, 0x0000000083f00000, 0x0000000084000000|  0%| F|  |TAMS 0x0000000083f00000| PB 0x0000000083f00000| Untracked 
|  52|0x0000000084000000, 0x0000000084000000, 0x0000000084100000|  0%| F|  |TAMS 0x0000000084000000| PB 0x0000000084000000| Untracked 
|  53|0x0000000084100000, 0x0000000084100000, 0x0000000084200000|  0%| F|  |TAMS 0x0000000084100000| PB 0x0000000084100000| Untracked 
|  54|0x0000000084200000, 0x0000000084200000, 0x0000000084300000|  0%| F|  |TAMS 0x0000000084200000| PB 0x0000000084200000| Untracked 
|  55|0x0000000084300000, 0x0000000084300000, 0x0000000084400000|  0%| F|  |TAMS 0x0000000084300000| PB 0x0000000084300000| Untracked 
|  56|0x0000000084400000, 0x0000000084400000, 0x0000000084500000|  0%| F|  |TAMS 0x0000000084400000| PB 0x0000000084400000| Untracked 
|  57|0x0000000084500000, 0x0000000084500000, 0x0000000084600000|  0%| F|  |TAMS 0x0000000084500000| PB 0x0000000084500000| Untracked 
|  58|0x0000000084600000, 0x0000000084600000, 0x0000000084700000|  0%| F|  |TAMS 0x0000000084600000| PB 0x0000000084600000| Untracked 
|  59|0x0000000084700000, 0x0000000084700000, 0x0000000084800000|  0%| F|  |TAMS 0x0000000084700000| PB 0x0000000084700000| Untracked 
|  60|0x0000000084800000, 0x0000000084800000, 0x0000000084900000|  0%| F|  |TAMS 0x0000000084800000| PB 0x0000000084800000| Untracked 
|  61|0x0000000084900000, 0x0000000084900000, 0x0000000084a00000|  0%| F|  |TAMS 0x0000000084900000| PB 0x0000000084900000| Untracked 
|  62|0x0000000084a00000, 0x0000000084a00000, 0x0000000084b00000|  0%| F|  |TAMS 0x0000000084a00000| PB 0x0000000084a00000| Untracked 
|  63|0x0000000084b00000, 0x0000000084b00000, 0x0000000084c00000|  0%| F|  |TAMS 0x0000000084b00000| PB 0x0000000084b00000| Untracked 
|  64|0x0000000084c00000, 0x0000000084c00000, 0x0000000084d00000|  0%| F|  |TAMS 0x0000000084c00000| PB 0x0000000084c00000| Untracked 
|  65|0x0000000084d00000, 0x0000000084d00000, 0x0000000084e00000|  0%| F|  |TAMS 0x0000000084d00000| PB 0x0000000084d00000| Untracked 
|  66|0x0000000084e00000, 0x0000000084e00000, 0x0000000084f00000|  0%| F|  |TAMS 0x0000000084e00000| PB 0x0000000084e00000| Untracked 
|  67|0x0000000084f00000, 0x0000000084f00000, 0x0000000085000000|  0%| F|  |TAMS 0x0000000084f00000| PB 0x0000000084f00000| Untracked 
|  68|0x0000000085000000, 0x0000000085000000, 0x0000000085100000|  0%| F|  |TAMS 0x0000000085000000| PB 0x0000000085000000| Untracked 
|  69|0x0000000085100000, 0x0000000085100000, 0x0000000085200000|  0%| F|  |TAMS 0x0000000085100000| PB 0x0000000085100000| Untracked 
|  70|0x0000000085200000, 0x0000000085200000, 0x0000000085300000|  0%| F|  |TAMS 0x0000000085200000| PB 0x0000000085200000| Untracked 
|  71|0x0000000085300000, 0x0000000085300000, 0x0000000085400000|  0%| F|  |TAMS 0x0000000085300000| PB 0x0000000085300000| Untracked 
|  72|0x0000000085400000, 0x0000000085400000, 0x0000000085500000|  0%| F|  |TAMS 0x0000000085400000| PB 0x0000000085400000| Untracked 
|  73|0x0000000085500000, 0x0000000085500000, 0x0000000085600000|  0%| F|  |TAMS 0x0000000085500000| PB 0x0000000085500000| Untracked 
|  74|0x0000000085600000, 0x0000000085600000, 0x0000000085700000|  0%| F|  |TAMS 0x0000000085600000| PB 0x0000000085600000| Untracked 
|  75|0x0000000085700000, 0x0000000085700000, 0x0000000085800000|  0%| F|  |TAMS 0x0000000085700000| PB 0x0000000085700000| Untracked 
|  76|0x0000000085800000, 0x0000000085800000, 0x0000000085900000|  0%| F|  |TAMS 0x0000000085800000| PB 0x0000000085800000| Untracked 
|  77|0x0000000085900000, 0x0000000085900000, 0x0000000085a00000|  0%| F|  |TAMS 0x0000000085900000| PB 0x0000000085900000| Untracked 
|  78|0x0000000085a00000, 0x0000000085a00000, 0x0000000085b00000|  0%| F|  |TAMS 0x0000000085a00000| PB 0x0000000085a00000| Untracked 
|  79|0x0000000085b00000, 0x0000000085b00000, 0x0000000085c00000|  0%| F|  |TAMS 0x0000000085b00000| PB 0x0000000085b00000| Untracked 
|  80|0x0000000085c00000, 0x0000000085c00000, 0x0000000085d00000|  0%| F|  |TAMS 0x0000000085c00000| PB 0x0000000085c00000| Untracked 
|  81|0x0000000085d00000, 0x0000000085d00000, 0x0000000085e00000|  0%| F|  |TAMS 0x0000000085d00000| PB 0x0000000085d00000| Untracked 
|  82|0x0000000085e00000, 0x0000000085e00000, 0x0000000085f00000|  0%| F|  |TAMS 0x0000000085e00000| PB 0x0000000085e00000| Untracked 
|  83|0x0000000085f00000, 0x0000000085f00000, 0x0000000086000000|  0%| F|  |TAMS 0x0000000085f00000| PB 0x0000000085f00000| Untracked 
|  84|0x0000000086000000, 0x00000000860cc040, 0x0000000086100000| 79%| E|  |TAMS 0x0000000086000000| PB 0x0000000086000000| Complete 
|  85|0x0000000086100000, 0x0000000086200000, 0x0000000086200000|100%| E|CS|TAMS 0x0000000086100000| PB 0x0000000086100000| Complete 
|  86|0x0000000086200000, 0x0000000086300000, 0x0000000086300000|100%| E|CS|TAMS 0x0000000086200000| PB 0x0000000086200000| Complete 
|  87|0x0000000086300000, 0x0000000086400000, 0x0000000086400000|100%| E|  |TAMS 0x0000000086300000| PB 0x0000000086300000| Complete 
|  88|0x0000000086400000, 0x0000000086500000, 0x0000000086500000|100%| E|CS|TAMS 0x0000000086400000| PB 0x0000000086400000| Complete 
|  89|0x0000000086500000, 0x0000000086600000, 0x0000000086600000|100%| E|CS|TAMS 0x0000000086500000| PB 0x0000000086500000| Complete 
|  90|0x0000000086600000, 0x0000000086700000, 0x0000000086700000|100%| E|CS|TAMS 0x0000000086600000| PB 0x0000000086600000| Complete 
|  91|0x0000000086700000, 0x0000000086800000, 0x0000000086800000|100%| E|CS|TAMS 0x0000000086700000| PB 0x0000000086700000| Complete 
|  92|0x0000000086800000, 0x0000000086900000, 0x0000000086900000|100%| E|CS|TAMS 0x0000000086800000| PB 0x0000000086800000| Complete 
|  93|0x0000000086900000, 0x0000000086a00000, 0x0000000086a00000|100%| E|CS|TAMS 0x0000000086900000| PB 0x0000000086900000| Complete 
|  94|0x0000000086a00000, 0x0000000086b00000, 0x0000000086b00000|100%| E|CS|TAMS 0x0000000086a00000| PB 0x0000000086a00000| Complete 
|  95|0x0000000086b00000, 0x0000000086c00000, 0x0000000086c00000|100%| E|CS|TAMS 0x0000000086b00000| PB 0x0000000086b00000| Complete 
|  96|0x0000000086c00000, 0x0000000086d00000, 0x0000000086d00000|100%| E|CS|TAMS 0x0000000086c00000| PB 0x0000000086c00000| Complete 
|  97|0x0000000086d00000, 0x0000000086e00000, 0x0000000086e00000|100%| E|CS|TAMS 0x0000000086d00000| PB 0x0000000086d00000| Complete 
|  98|0x0000000086e00000, 0x0000000086f00000, 0x0000000086f00000|100%| E|CS|TAMS 0x0000000086e00000| PB 0x0000000086e00000| Complete 
|  99|0x0000000086f00000, 0x0000000087000000, 0x0000000087000000|100%| E|CS|TAMS 0x0000000086f00000| PB 0x0000000086f00000| Complete 
| 100|0x0000000087000000, 0x0000000087100000, 0x0000000087100000|100%| E|CS|TAMS 0x0000000087000000| PB 0x0000000087000000| Complete 
| 101|0x0000000087100000, 0x0000000087200000, 0x0000000087200000|100%| E|CS|TAMS 0x0000000087100000| PB 0x0000000087100000| Complete 
| 102|0x0000000087200000, 0x0000000087300000, 0x0000000087300000|100%| E|CS|TAMS 0x0000000087200000| PB 0x0000000087200000| Complete 
| 103|0x0000000087300000, 0x0000000087400000, 0x0000000087400000|100%| E|CS|TAMS 0x0000000087300000| PB 0x0000000087300000| Complete 
| 104|0x0000000087400000, 0x0000000087500000, 0x0000000087500000|100%| E|CS|TAMS 0x0000000087400000| PB 0x0000000087400000| Complete 
| 105|0x0000000087500000, 0x0000000087600000, 0x0000000087600000|100%| E|CS|TAMS 0x0000000087500000| PB 0x0000000087500000| Complete 
| 106|0x0000000087600000, 0x0000000087700000, 0x0000000087700000|100%| E|CS|TAMS 0x0000000087600000| PB 0x0000000087600000| Complete 
| 107|0x0000000087700000, 0x0000000087800000, 0x0000000087800000|100%| E|CS|TAMS 0x0000000087700000| PB 0x0000000087700000| Complete 
| 108|0x0000000087800000, 0x000000008789fc30, 0x0000000087900000| 62%| S|CS|TAMS 0x0000000087800000| PB 0x0000000087800000| Complete 
| 109|0x0000000087900000, 0x0000000087a00000, 0x0000000087a00000|100%| S|CS|TAMS 0x0000000087900000| PB 0x0000000087900000| Complete 
| 110|0x0000000087a00000, 0x0000000087b00000, 0x0000000087b00000|100%| E|CS|TAMS 0x0000000087a00000| PB 0x0000000087a00000| Complete 
| 111|0x0000000087b00000, 0x0000000087c00000, 0x0000000087c00000|100%| E|CS|TAMS 0x0000000087b00000| PB 0x0000000087b00000| Complete 
| 112|0x0000000087c00000, 0x0000000087d00000, 0x0000000087d00000|100%| E|CS|TAMS 0x0000000087c00000| PB 0x0000000087c00000| Complete 
| 113|0x0000000087d00000, 0x0000000087e00000, 0x0000000087e00000|100%| E|CS|TAMS 0x0000000087d00000| PB 0x0000000087d00000| Complete 
| 114|0x0000000087e00000, 0x0000000087f00000, 0x0000000087f00000|100%| E|CS|TAMS 0x0000000087e00000| PB 0x0000000087e00000| Complete 
| 115|0x0000000087f00000, 0x0000000088000000, 0x0000000088000000|100%| E|CS|TAMS 0x0000000087f00000| PB 0x0000000087f00000| Complete 
| 116|0x0000000088000000, 0x0000000088100000, 0x0000000088100000|100%| E|CS|TAMS 0x0000000088000000| PB 0x0000000088000000| Complete 
| 117|0x0000000088100000, 0x0000000088200000, 0x0000000088200000|100%| E|CS|TAMS 0x0000000088100000| PB 0x0000000088100000| Complete 
| 118|0x0000000088200000, 0x0000000088300000, 0x0000000088300000|100%| E|CS|TAMS 0x0000000088200000| PB 0x0000000088200000| Complete 
| 119|0x0000000088300000, 0x0000000088400000, 0x0000000088400000|100%| E|CS|TAMS 0x0000000088300000| PB 0x0000000088300000| Complete 
| 120|0x0000000088400000, 0x0000000088500000, 0x0000000088500000|100%| E|CS|TAMS 0x0000000088400000| PB 0x0000000088400000| Complete 
| 121|0x0000000088500000, 0x0000000088600000, 0x0000000088600000|100%| E|CS|TAMS 0x0000000088500000| PB 0x0000000088500000| Complete 
| 122|0x0000000088600000, 0x0000000088700000, 0x0000000088700000|100%| E|CS|TAMS 0x0000000088600000| PB 0x0000000088600000| Complete 
| 123|0x0000000088700000, 0x0000000088800000, 0x0000000088800000|100%| E|CS|TAMS 0x0000000088700000| PB 0x0000000088700000| Complete 
| 124|0x0000000088800000, 0x0000000088900000, 0x0000000088900000|100%| E|CS|TAMS 0x0000000088800000| PB 0x0000000088800000| Complete 
| 125|0x0000000088900000, 0x0000000088a00000, 0x0000000088a00000|100%| E|CS|TAMS 0x0000000088900000| PB 0x0000000088900000| Complete 
| 126|0x0000000088a00000, 0x0000000088b00000, 0x0000000088b00000|100%| E|CS|TAMS 0x0000000088a00000| PB 0x0000000088a00000| Complete 
| 127|0x0000000088b00000, 0x0000000088c00000, 0x0000000088c00000|100%| E|CS|TAMS 0x0000000088b00000| PB 0x0000000088b00000| Complete 

Card table byte_map: [0x000002f76e8f0000,0x000002f76ecf0000] _byte_map_base: 0x000002f76e4ea000

Marking Bits: (CMBitMap*) 0x000002f7570df3b0
 Bits: [0x000002f76ecf0000, 0x000002f770cc0000)

Polling page: 0x000002f754e90000

Metaspace:

Usage:
  Non-class:      8.14 MB used.
      Class:    917.90 KB used.
       Both:      9.03 MB used.

Virtual space:
  Non-class space:       64.00 MB reserved,       8.31 MB ( 13%) committed,  1 nodes.
      Class space:        1.00 GB reserved,       1.00 MB ( <1%) committed,  1 nodes.
             Both:        1.06 GB reserved,       9.31 MB ( <1%) committed. 

Chunk freelists:
   Non-Class:  7.00 MB
       Class:  15.03 MB
        Both:  22.03 MB

MaxMetaspaceSize: unlimited
CompressedClassSpaceSize: 1.00 GB
Initial GC threshold: 21.00 MB
Current GC threshold: 21.00 MB
CDS: on
 - commit_granule_bytes: 65536.
 - commit_granule_words: 8192.
 - virtual_space_node_default_size: 8388608.
 - enlarge_chunks_in_place: 1.
 - use_allocation_guard: 0.


Internal statistics:

num_allocs_failed_limit: 0.
num_arena_births: 164.
num_arena_deaths: 0.
num_vsnodes_births: 2.
num_vsnodes_deaths: 0.
num_space_committed: 149.
num_space_uncommitted: 0.
num_chunks_returned_to_freelist: 0.
num_chunks_taken_from_freelist: 223.
num_chunk_merges: 0.
num_chunk_splits: 131.
num_chunks_enlarged: 55.
num_inconsistent_stats: 0.

CodeHeap 'non-profiled nmethods': size=120000Kb used=923Kb max_used=923Kb free=119076Kb
 bounds [0x000002f766fc0000, 0x000002f767230000, 0x000002f76e4f0000]
CodeHeap 'profiled nmethods': size=120000Kb used=3751Kb max_used=3751Kb free=116248Kb
 bounds [0x000002f75f4f0000, 0x000002f75f8a0000, 0x000002f766a20000]
CodeHeap 'non-nmethods': size=5760Kb used=1556Kb max_used=1592Kb free=4203Kb
 bounds [0x000002f766a20000, 0x000002f766c90000, 0x000002f766fc0000]
 total_blobs=2670 nmethods=2046 adapters=530
 compilation: enabled
              stopped_count=0, restarted_count=0
 full_count=0

Compilation events (20 events):
Event: 35.866 Thread 0x000002f7730dcce0 nmethod 2036 0x000002f75f891990 code [0x000002f75f891b40, 0x000002f75f891d08]
Event: 36.248 Thread 0x000002f7730dcce0 2037       3       java.lang.StringLatin1::regionMatchesCI (45 bytes)
Event: 36.248 Thread 0x000002f7730dcce0 nmethod 2037 0x000002f75f891e10 code [0x000002f75f891fe0, 0x000002f75f8922b0]
Event: 36.643 Thread 0x000002f7730dcce0 2038       3       java.util.WeakHashMap::matchesKey (33 bytes)
Event: 36.644 Thread 0x000002f7730dcce0 nmethod 2038 0x000002f75f892490 code [0x000002f75f892680, 0x000002f75f892ba8]
Event: 37.602 Thread 0x000002f7730dcce0 2040       3       java.util.Properties::getProperty (16 bytes)
Event: 37.602 Thread 0x000002f7730dcce0 nmethod 2040 0x000002f75f892d10 code [0x000002f75f892ec0, 0x000002f75f8930e8]
Event: 37.602 Thread 0x000002f7730dcce0 2041       3       java.awt.Container::eventEnabled (49 bytes)
Event: 37.602 Thread 0x000002f7730dcce0 nmethod 2041 0x000002f75f893190 code [0x000002f75f893360, 0x000002f75f893788]
Event: 37.602 Thread 0x000002f7730dcce0 2042       3       java.awt.Component::eventEnabled (9 bytes)
Event: 37.602 Thread 0x000002f7730dcce0 nmethod 2042 0x000002f75f893890 code [0x000002f75f893a40, 0x000002f75f893c10]
Event: 37.667 Thread 0x000002f7730dcce0 2043       3       java.awt.LightweightDispatcher::dispatchEvent (73 bytes)
Event: 37.667 Thread 0x000002f7730dcce0 nmethod 2043 0x000002f75f893d10 code [0x000002f75f893f00, 0x000002f75f894688]
Event: 37.667 Thread 0x000002f7730dcce0 2044       3       java.util.LinkedList$ListItr::checkForComodification (23 bytes)
Event: 37.668 Thread 0x000002f7730dcce0 nmethod 2044 0x000002f75f894810 code [0x000002f75f8949c0, 0x000002f75f894b90]
Event: 38.050 Thread 0x000002f7730dcce0 2045   !   3       java.awt.KeyboardFocusManager::retargetFocusEvent (244 bytes)
Event: 38.053 Thread 0x000002f7730dcce0 nmethod 2045 0x000002f75f894c90 code [0x000002f75f8951e0, 0x000002f75f898538]
Event: 38.053 Thread 0x000002f7730dcce0 2047       3       java.awt.EventQueue::setCurrentEventAndMostRecentTime (8 bytes)
Event: 38.053 Thread 0x000002f7730dcce0 nmethod 2047 0x000002f75f899490 code [0x000002f75f8996a0, 0x000002f75f899b68]
Event: 38.053 Thread 0x000002f7730dcce0 2046   !   3       java.awt.DefaultKeyboardFocusManager::dispatchEvent (1625 bytes)

GC Heap History (4 events):
Event: 2.420 GC heap before
{Heap before GC invocations=0 (full 0):
 garbage-first heap   total 131072K, used 13312K [0x0000000080c00000, 0x0000000100000000)
  region size 1024K, 13 young (13312K), 0 survivors (0K)
 Metaspace       used 6042K, committed 6272K, reserved 1114112K
  class space    used 604K, committed 704K, reserved 1048576K
}
Event: 2.431 GC heap after
{Heap after GC invocations=1 (full 0):
 garbage-first heap   total 131072K, used 2161K [0x0000000080c00000, 0x0000000100000000)
  region size 1024K, 2 young (2048K), 2 survivors (2048K)
 Metaspace       used 6042K, committed 6272K, reserved 1114112K
  class space    used 604K, committed 704K, reserved 1048576K
}
Event: 11.343 GC heap before
{Heap before GC invocations=1 (full 0):
 garbage-first heap   total 131072K, used 27761K [0x0000000080c00000, 0x0000000100000000)
  region size 1024K, 18 young (18432K), 2 survivors (2048K)
 Metaspace       used 8951K, committed 9216K, reserved 1114112K
  class space    used 917K, committed 1024K, reserved 1048576K
}
Event: 11.348 GC heap after
{Heap after GC invocations=2 (full 0):
 garbage-first heap   total 131072K, used 14102K [0x0000000080c00000, 0x0000000100000000)
  region size 1024K, 2 young (2048K), 2 survivors (2048K)
 Metaspace       used 8951K, committed 9216K, reserved 1114112K
  class space    used 917K, committed 1024K, reserved 1048576K
}

Dll operation events (10 events):
Event: 0.025 Loaded shared library C:\Program Files\Java\jdk-21\bin\java.dll
Event: 0.115 Loaded shared library C:\Program Files\Java\jdk-21\bin\jsvml.dll
Event: 0.233 Loaded shared library C:\Program Files\Java\jdk-21\bin\jimage.dll
Event: 0.335 Loaded shared library C:\Program Files\Java\jdk-21\bin\awt.dll
Event: 1.851 Loaded shared library C:\Program Files\Java\jdk-21\bin\net.dll
Event: 1.875 Loaded shared library C:\Program Files\Java\jdk-21\bin\nio.dll
Event: 1.966 Loaded shared library C:\Program Files\Java\jdk-21\bin\zip.dll
Event: 2.514 Loaded shared library C:\Program Files\Java\jdk-21\bin\freetype.dll
Event: 2.521 Loaded shared library C:\Program Files\Java\jdk-21\bin\fontmanager.dll
Event: 4.573 Loaded shared library C:\Program Files\Java\jdk-21\bin\jsound.dll

Deoptimization events (20 events):
Event: 11.769 Thread 0x000002f77351f0e0 DEOPT PACKING pc=0x000002f76704c67c sp=0x000000f9a36fe410
Event: 11.769 Thread 0x000002f77351f0e0 DEOPT UNPACKING pc=0x000002f766a746a2 sp=0x000000f9a36fe388 mode 2
Event: 11.897 Thread 0x000002f778dd8d80 DEOPT PACKING pc=0x000002f75f7e14e2 sp=0x000000f9a38ff2f0
Event: 11.897 Thread 0x000002f778dd8d80 DEOPT UNPACKING pc=0x000002f766a74e42 sp=0x000000f9a38fe778 mode 0
Event: 12.081 Thread 0x000002f778dd8d80 DEOPT PACKING pc=0x000002f75f7e14e2 sp=0x000000f9a38ff2f0
Event: 12.081 Thread 0x000002f778dd8d80 DEOPT UNPACKING pc=0x000002f766a74e42 sp=0x000000f9a38fe778 mode 0
Event: 12.185 Thread 0x000002f77351f0e0 DEOPT PACKING pc=0x000002f75f70d21e sp=0x000000f9a36fee00
Event: 12.185 Thread 0x000002f77351f0e0 DEOPT UNPACKING pc=0x000002f766a74e42 sp=0x000000f9a36fe290 mode 0
Event: 12.264 Thread 0x000002f778dd8d80 DEOPT PACKING pc=0x000002f75f7e14e2 sp=0x000000f9a38ff2f0
Event: 12.264 Thread 0x000002f778dd8d80 DEOPT UNPACKING pc=0x000002f766a74e42 sp=0x000000f9a38fe778 mode 0
Event: 14.181 Thread 0x000002f77351f0e0 DEOPT PACKING pc=0x000002f75f72e2f2 sp=0x000000f9a36fe3b0
Event: 14.182 Thread 0x000002f77351f0e0 DEOPT UNPACKING pc=0x000002f766a74e42 sp=0x000000f9a36fd900 mode 0
Event: 22.381 Thread 0x000002f778dd8d80 Uncommon trap: trap_request=0xffffff45 fr.pc=0x000002f76707d720 relative=0x00000000000008c0
Event: 22.381 Thread 0x000002f778dd8d80 Uncommon trap: reason=unstable_if action=reinterpret pc=0x000002f76707d720 method=main.CollisionChecker.checkTile(Lentity/Entity;)V @ 304 c2
Event: 22.381 Thread 0x000002f778dd8d80 DEOPT PACKING pc=0x000002f76707d720 sp=0x000000f9a38ff2f0
Event: 22.381 Thread 0x000002f778dd8d80 DEOPT UNPACKING pc=0x000002f766a746a2 sp=0x000000f9a38ff278 mode 2
Event: 24.834 Thread 0x000002f77351f0e0 Uncommon trap: trap_request=0xffffff45 fr.pc=0x000002f76708ec3c relative=0x0000000000001adc
Event: 24.834 Thread 0x000002f77351f0e0 Uncommon trap: reason=unstable_if action=reinterpret pc=0x000002f76708ec3c method=entity.Entity.draw(Ljava/awt/Graphics2D;)V @ 93 c2
Event: 24.834 Thread 0x000002f77351f0e0 DEOPT PACKING pc=0x000002f76708ec3c sp=0x000000f9a36fe400
Event: 24.834 Thread 0x000002f77351f0e0 DEOPT UNPACKING pc=0x000002f766a746a2 sp=0x000000f9a36fe3c8 mode 2

Classes loaded (20 events):
Event: 5.121 Loading class javax/sound/sampled/LineEvent$Type
Event: 5.121 Loading class javax/sound/sampled/LineEvent$Type done
Event: 5.121 Loading class com/sun/media/sound/EventDispatcher
Event: 5.122 Loading class com/sun/media/sound/EventDispatcher done
Event: 5.157 Loading class javax/swing/JComponent$KeyboardState
Event: 5.157 Loading class javax/swing/JComponent$KeyboardState done
Event: 5.157 Loading class javax/swing/JComponent$IntVector
Event: 5.157 Loading class javax/swing/JComponent$IntVector done
Event: 5.158 Loading class javax/swing/JInternalFrame
Event: 5.159 Loading class javax/swing/JInternalFrame done
Event: 5.159 Loading class javax/swing/KeyboardManager
Event: 5.160 Loading class javax/swing/KeyboardManager done
Event: 5.160 Loading class javax/swing/Popup$HeavyWeightWindow
Event: 5.160 Loading class sun/awt/ModalExclude
Event: 5.161 Loading class sun/awt/ModalExclude done
Event: 5.161 Loading class javax/swing/JWindow
Event: 5.161 Loading class javax/swing/JWindow done
Event: 5.161 Loading class javax/swing/Popup$HeavyWeightWindow done
Event: 5.616 Loading class java/awt/image/BufferedImageOp
Event: 5.616 Loading class java/awt/image/BufferedImageOp done

Classes unloaded (0 events):
No events

Classes redefined (0 events):
No events

Internal exceptions (14 events):
Event: 0.258 Thread 0x000002f754ee91c0 Exception <a 'java/lang/ClassNotFoundException'{0x0000000088a88ec0}: sun/awt/resources/spi/awtProvider> (0x0000000088a88ec0) 
thrown [s\open\src\hotspot\share\classfile\systemDictionary.cpp, line 312]
Event: 0.410 Thread 0x000002f754ee91c0 Exception <a 'java/io/FileNotFoundException'{0x0000000088ae2b60}> (0x0000000088ae2b60) 
thrown [s\open\src\hotspot\share\prims\jni.cpp, line 520]
Event: 0.424 Thread 0x000002f754ee91c0 Exception <a 'java/io/FileNotFoundException'{0x000000008890d0b0}> (0x000000008890d0b0) 
thrown [s\open\src\hotspot\share\prims\jni.cpp, line 520]
Event: 1.606 Thread 0x000002f754ee91c0 Exception <a 'java/lang/NoSuchMethodError'{0x0000000088814450}: 'void java.lang.invoke.DirectMethodHandle$Holder.invokeSpecial(java.lang.Object, java.lang.Object, java.lang.Object)'> (0x0000000088814450) 
thrown [s\open\src\hotspot\share\interpreter\linkResolver.cpp, line 773]
Event: 1.626 Thread 0x000002f754ee91c0 Exception <a 'java/lang/NoSuchMethodError'{0x0000000088839c30}: 'java.lang.Object java.lang.invoke.DirectMethodHandle$Holder.newInvokeSpecial(java.lang.Object, java.lang.Object, java.lang.Object, java.lang.Object, java.lang.Object)'> (0x0000000088839c30) 
thrown [s\open\src\hotspot\share\interpreter\linkResolver.cpp, line 773]
Event: 1.633 Thread 0x000002f754ee91c0 Exception <a 'java/lang/NoSuchMethodError'{0x00000000888a8320}: 'java.lang.Object java.lang.invoke.DirectMethodHandle$Holder.invokeStatic(java.lang.Object, int, java.lang.Object)'> (0x00000000888a8320) 
thrown [s\open\src\hotspot\share\interpreter\linkResolver.cpp, line 773]
Event: 1.672 Thread 0x000002f754ee91c0 Exception <a 'java/lang/ClassNotFoundException'{0x0000000088748310}: com/sun/swing/internal/plaf/metal/resources/spi/metalProvider> (0x0000000088748310) 
thrown [s\open\src\hotspot\share\classfile\systemDictionary.cpp, line 312]
Event: 1.675 Thread 0x000002f754ee91c0 Exception <a 'java/lang/ClassNotFoundException'{0x000000008874c2a0}: com/sun/swing/internal/plaf/basic/resources/spi/basicProvider> (0x000000008874c2a0) 
thrown [s\open\src\hotspot\share\classfile\systemDictionary.cpp, line 312]
Event: 1.703 Thread 0x000002f754ee91c0 Exception <a 'java/lang/NoSuchMethodError'{0x000000008876ba28}: 'int java.lang.invoke.Invokers$Holder.invokeExact_MT(java.lang.Object, java.lang.Object)'> (0x000000008876ba28) 
thrown [s\open\src\hotspot\share\interpreter\linkResolver.cpp, line 773]
Event: 1.820 Thread 0x000002f754ee91c0 Exception <a 'java/lang/NoSuchMethodError'{0x00000000887f0488}: 'java.lang.Object java.lang.invoke.DirectMethodHandle$Holder.invokeStaticInit(java.lang.Object, int, int, int, int)'> (0x00000000887f0488) 
thrown [s\open\src\hotspot\share\interpreter\linkResolver.cpp, line 773]
Event: 1.918 Thread 0x000002f754ee91c0 Exception <a 'java/lang/NoSuchMethodError'{0x00000000886390f0}: 'java.lang.Object java.lang.invoke.DirectMethodHandle$Holder.invokeStaticInit(java.lang.Object, java.lang.Object, int, int, int, int)'> (0x00000000886390f0) 
thrown [s\open\src\hotspot\share\interpreter\linkResolver.cpp, line 773]
Event: 2.942 Thread 0x000002f773527bd0 Exception <a 'java/lang/NoSuchMethodError'{0x00000000886ae000}: 'void java.lang.invoke.DirectMethodHandle$Holder.invokeVirtual(java.lang.Object, java.lang.Object)'> (0x00000000886ae000) 
thrown [s\open\src\hotspot\share\interpreter\linkResolver.cpp, line 773]
Event: 2.968 Thread 0x000002f754ee91c0 Exception <a 'java/lang/NoSuchMethodError'{0x0000000088679cf0}: 'void java.lang.invoke.DirectMethodHandle$Holder.invokeStaticInit(java.lang.Object)'> (0x0000000088679cf0) 
thrown [s\open\src\hotspot\share\interpreter\linkResolver.cpp, line 773]
Event: 11.351 Thread 0x000002f77351f0e0 Implicit null exception at 0x000002f76703146d to 0x000002f767032a20

ZGC Phase Switch (0 events):
No events

VM Operations (20 events):
Event: 23.443 Executing VM operation: Cleanup
Event: 23.443 Executing VM operation: Cleanup done
Event: 24.450 Executing VM operation: Cleanup
Event: 24.450 Executing VM operation: Cleanup done
Event: 25.459 Executing VM operation: Cleanup
Event: 25.459 Executing VM operation: Cleanup done
Event: 27.483 Executing VM operation: Cleanup
Event: 27.516 Executing VM operation: Cleanup done
Event: 28.523 Executing VM operation: Cleanup
Event: 28.523 Executing VM operation: Cleanup done
Event: 29.536 Executing VM operation: Cleanup
Event: 29.536 Executing VM operation: Cleanup done
Event: 32.577 Executing VM operation: Cleanup
Event: 32.577 Executing VM operation: Cleanup done
Event: 33.590 Executing VM operation: Cleanup
Event: 33.605 Executing VM operation: Cleanup done
Event: 34.615 Executing VM operation: Cleanup
Event: 34.615 Executing VM operation: Cleanup done
Event: 36.627 Executing VM operation: Cleanup
Event: 36.627 Executing VM operation: Cleanup done

Events (20 events):
Event: 21.084 Thread 0x000002f77909c900 Thread added: 0x000002f77909c900
Event: 26.016 Thread 0x000002f77909c270 Thread added: 0x000002f77909c270
Event: 26.067 Thread 0x000002f77909dcb0 Thread added: 0x000002f77909dcb0
Event: 26.521 Thread 0x000002f778c9b150 Thread added: 0x000002f778c9b150
Event: 26.754 Thread 0x000002f778c94850 Thread added: 0x000002f778c94850
Event: 27.325 Thread 0x000002f778c9aac0 Thread added: 0x000002f778c9aac0
Event: 27.434 Thread 0x000002f778c941c0 Thread added: 0x000002f778c941c0
Event: 28.470 Thread 0x000002f778c97640 Thread added: 0x000002f778c97640
Event: 28.504 Thread 0x000002f778c99080 Thread added: 0x000002f778c99080
Event: 31.569 Thread 0x000002f778c94ee0 Thread added: 0x000002f778c94ee0
Event: 32.792 Thread 0x000002f778c99710 Thread added: 0x000002f778c99710
Event: 32.867 Thread 0x000002f778c95570 Thread added: 0x000002f778c95570
Event: 33.352 Thread 0x000002f778c95c00 Thread added: 0x000002f778c95c00
Event: 33.985 Thread 0x000002f778c96290 Thread added: 0x000002f778c96290
Event: 34.840 Thread 0x000002f778c9b7e0 Thread added: 0x000002f778c9b7e0
Event: 34.890 Thread 0x000002f778c99da0 Thread added: 0x000002f778c99da0
Event: 35.309 Thread 0x000002f778c96fb0 Thread added: 0x000002f778c96fb0
Event: 35.568 Thread 0x000002f778c97cd0 Thread added: 0x000002f778c97cd0
Event: 35.920 Thread 0x000002f778c96920 Thread added: 0x000002f778c96920
Event: 36.270 Thread 0x000002f778c98360 Thread added: 0x000002f778c98360


Dynamic libraries:
0x00007ff780650000 - 0x00007ff780660000 	C:\Program Files\Java\jdk-21\bin\javaw.exe
0x00007ffe77b50000 - 0x00007ffe77d48000 	C:\WINDOWS\SYSTEM32\ntdll.dll
0x00007ffe66920000 - 0x00007ffe66939000 	C:\Program Files\Avast Software\Avast\aswhook.dll
0x00007ffe774f0000 - 0x00007ffe775ad000 	C:\WINDOWS\System32\KERNEL32.DLL
0x00007ffe75700000 - 0x00007ffe759f6000 	C:\WINDOWS\System32\KERNELBASE.dll
0x00007ffe75a30000 - 0x00007ffe75b30000 	C:\WINDOWS\System32\ucrtbase.dll
0x00007ffe70010000 - 0x00007ffe7002b000 	C:\Program Files\Java\jdk-21\bin\VCRUNTIME140.dll
0x00007ffe70100000 - 0x00007ffe70119000 	C:\Program Files\Java\jdk-21\bin\jli.dll
0x00007ffe75bb0000 - 0x00007ffe75c5f000 	C:\WINDOWS\System32\ADVAPI32.dll
0x00007ffe75c60000 - 0x00007ffe75cfe000 	C:\WINDOWS\System32\msvcrt.dll
0x00007ffe77a60000 - 0x00007ffe77afc000 	C:\WINDOWS\System32\sechost.dll
0x00007ffe773c0000 - 0x00007ffe774e6000 	C:\WINDOWS\System32\RPCRT4.dll
0x00007ffe777d0000 - 0x00007ffe7796e000 	C:\WINDOWS\System32\USER32.dll
0x00007ffe75b80000 - 0x00007ffe75ba2000 	C:\WINDOWS\System32\win32u.dll
0x00007ffe75de0000 - 0x00007ffe75e0c000 	C:\WINDOWS\System32\GDI32.dll
0x00007ffe5ccc0000 - 0x00007ffe5cf5a000 	C:\WINDOWS\WinSxS\amd64_microsoft.windows.common-controls_6595b64144ccf1df_6.0.19041.3636_none_60b6a03d71f818d5\COMCTL32.dll
0x00007ffe752d0000 - 0x00007ffe753ea000 	C:\WINDOWS\System32\gdi32full.dll
0x00007ffe75230000 - 0x00007ffe752cd000 	C:\WINDOWS\System32\msvcp_win.dll
0x00007ffe6bee0000 - 0x00007ffe6beea000 	C:\WINDOWS\SYSTEM32\VERSION.dll
0x00007ffe776d0000 - 0x00007ffe77700000 	C:\WINDOWS\System32\IMM32.DLL
0x00007ffe70190000 - 0x00007ffe7019c000 	C:\Program Files\Java\jdk-21\bin\vcruntime140_1.dll
0x00007ffe69670000 - 0x00007ffe696fe000 	C:\Program Files\Java\jdk-21\bin\msvcp140.dll
0x00007ffdff800000 - 0x00007ffe00515000 	C:\Program Files\Java\jdk-21\bin\server\jvm.dll
0x00007ffe76c00000 - 0x00007ffe76c6b000 	C:\WINDOWS\System32\WS2_32.dll
0x00007ffe74c20000 - 0x00007ffe74c6b000 	C:\WINDOWS\SYSTEM32\POWRPROF.dll
0x00007ffe60f70000 - 0x00007ffe60f97000 	C:\WINDOWS\SYSTEM32\WINMM.dll
0x00007ffe74c00000 - 0x00007ffe74c12000 	C:\WINDOWS\SYSTEM32\UMPDC.dll
0x00007ffe73030000 - 0x00007ffe73042000 	C:\WINDOWS\SYSTEM32\kernel.appcore.dll
0x00007ffe700e0000 - 0x00007ffe700ea000 	C:\Program Files\Java\jdk-21\bin\jimage.dll
0x00007ffe6e320000 - 0x00007ffe6e504000 	C:\WINDOWS\SYSTEM32\DBGHELP.DLL
0x00007ffe6bb90000 - 0x00007ffe6bbc4000 	C:\WINDOWS\SYSTEM32\dbgcore.DLL
0x00007ffe75670000 - 0x00007ffe756f2000 	C:\WINDOWS\System32\bcryptPrimitives.dll
0x00007ffe6fc70000 - 0x00007ffe6fc8f000 	C:\Program Files\Java\jdk-21\bin\java.dll
0x00007ffe76300000 - 0x00007ffe76a44000 	C:\WINDOWS\System32\SHELL32.dll
0x00007ffe73310000 - 0x00007ffe73aab000 	C:\WINDOWS\SYSTEM32\windows.storage.dll
0x00007ffe75f40000 - 0x00007ffe76294000 	C:\WINDOWS\System32\combase.dll
0x00007ffe74c70000 - 0x00007ffe74c9d000 	C:\WINDOWS\SYSTEM32\Wldp.dll
0x00007ffe76c70000 - 0x00007ffe76d1d000 	C:\WINDOWS\System32\SHCORE.dll
0x00007ffe77300000 - 0x00007ffe77355000 	C:\WINDOWS\System32\shlwapi.dll
0x00007ffe75160000 - 0x00007ffe75185000 	C:\WINDOWS\SYSTEM32\profapi.dll
0x00007ffe5de70000 - 0x00007ffe5df47000 	C:\Program Files\Java\jdk-21\bin\jsvml.dll
0x00007ffe5eab0000 - 0x00007ffe5ec3f000 	C:\Program Files\Java\jdk-21\bin\awt.dll
0x00007ffe77700000 - 0x00007ffe777cd000 	C:\WINDOWS\System32\OLEAUT32.dll
0x00007ffe72620000 - 0x00007ffe726b0000 	C:\WINDOWS\SYSTEM32\apphelp.dll
0x00007ffe73000000 - 0x00007ffe7302f000 	C:\WINDOWS\system32\DWMAPI.DLL
0x00007ffe72c40000 - 0x00007ffe72cde000 	C:\WINDOWS\system32\uxtheme.dll
0x00007ffe54b10000 - 0x00007ffe54c35000 	C:\WINDOWS\system32\opengl32.dll
0x00007ffe70350000 - 0x00007ffe7037c000 	C:\WINDOWS\SYSTEM32\GLU32.dll
0x00007ffe775b0000 - 0x00007ffe776c4000 	C:\WINDOWS\System32\MSCTF.dll
0x00007ffe771c0000 - 0x00007ffe772eb000 	C:\WINDOWS\System32\ole32.dll
0x00007ffe38d50000 - 0x00007ffe38f1d000 	C:\WINDOWS\system32\d3d9.dll
0x00007ffe60fa0000 - 0x00007ffe6117b000 	C:\WINDOWS\System32\DriverStore\FileRepository\u0382934.inf_amd64_cbf07db13ec1507d\B381983\aticfx64.dll
0x00007ffe38d10000 - 0x00007ffe38d43000 	C:\WINDOWS\System32\DriverStore\FileRepository\u0382934.inf_amd64_cbf07db13ec1507d\B381983\atiu9p64.dll
0x00007ffe0cb40000 - 0x00007ffe0d89a000 	C:\WINDOWS\System32\DriverStore\FileRepository\u0382934.inf_amd64_cbf07db13ec1507d\B381983\atiumd64.dll
0x00000000768a0000 - 0x000000007776b000 	C:\WINDOWS\System32\DriverStore\FileRepository\u0382934.inf_amd64_cbf07db13ec1507d\B381983\atiumd6a.dll
0x00007ffe5e8c0000 - 0x00007ffe5e8f0000 	C:\WINDOWS\SYSTEM32\amdihk64.dll
0x00007ffe6f8a0000 - 0x00007ffe6f8db000 	C:\WINDOWS\SYSTEM32\dxcore.dll
0x00007ffe75b30000 - 0x00007ffe75b7e000 	C:\WINDOWS\System32\cfgmgr32.dll
0x00007ffe74b60000 - 0x00007ffe74b78000 	C:\WINDOWS\SYSTEM32\CRYPTSP.dll
0x00007ffe74230000 - 0x00007ffe74264000 	C:\WINDOWS\system32\rsaenh.dll
0x00007ffe75a00000 - 0x00007ffe75a27000 	C:\WINDOWS\System32\bcrypt.dll
0x00007ffe750e0000 - 0x00007ffe7510e000 	C:\WINDOWS\SYSTEM32\USERENV.dll
0x00007ffe74b50000 - 0x00007ffe74b5c000 	C:\WINDOWS\SYSTEM32\CRYPTBASE.dll
0x00007ffe70070000 - 0x00007ffe70080000 	C:\Program Files\Java\jdk-21\bin\net.dll
0x00007ffe6d190000 - 0x00007ffe6d29a000 	C:\WINDOWS\SYSTEM32\WINHTTP.dll
0x00007ffe74960000 - 0x00007ffe749ca000 	C:\WINDOWS\system32\mswsock.dll
0x00007ffe745f0000 - 0x00007ffe7462b000 	C:\WINDOWS\SYSTEM32\IPHLPAPI.DLL
0x00007ffe772f0000 - 0x00007ffe772f8000 	C:\WINDOWS\System32\NSI.dll
0x00007ffe6ece0000 - 0x00007ffe6ecf6000 	C:\Program Files\Java\jdk-21\bin\nio.dll
0x00007ffe6eb10000 - 0x00007ffe6eb28000 	C:\Program Files\Java\jdk-21\bin\zip.dll
0x00007ffe5c6e0000 - 0x00007ffe5c767000 	C:\Program Files\Java\jdk-21\bin\freetype.dll
0x00007ffe43d30000 - 0x00007ffe43e03000 	C:\Program Files\Java\jdk-21\bin\fontmanager.dll
0x00007ffe64610000 - 0x00007ffe6470a000 	C:\WINDOWS\SYSTEM32\textinputframework.dll
0x00007ffe71620000 - 0x00007ffe7197b000 	C:\WINDOWS\System32\CoreUIComponents.dll
0x00007ffe71980000 - 0x00007ffe71a72000 	C:\WINDOWS\System32\CoreMessaging.dll
0x00007ffe720b0000 - 0x00007ffe72205000 	C:\WINDOWS\SYSTEM32\wintypes.dll
0x00007ffe74350000 - 0x00007ffe74383000 	C:\WINDOWS\SYSTEM32\ntmarta.dll
0x00007ffe6ffe0000 - 0x00007ffe6fff2000 	C:\Program Files\Java\jdk-21\bin\jsound.dll
0x00007ffe5b9c0000 - 0x00007ffe5ba5c000 	C:\WINDOWS\SYSTEM32\DSOUND.dll
0x00007ffe3aa50000 - 0x00007ffe3aa76000 	C:\WINDOWS\SYSTEM32\winmmbase.dll
0x00007ffe75e90000 - 0x00007ffe75f39000 	C:\WINDOWS\System32\clbcatq.dll
0x00007ffe6fe40000 - 0x00007ffe6fec5000 	C:\WINDOWS\System32\MMDevApi.dll
0x00007ffe74fc0000 - 0x00007ffe74ff3000 	C:\WINDOWS\System32\DEVOBJ.dll
0x00007ffe60ed0000 - 0x00007ffe60f16000 	C:\WINDOWS\SYSTEM32\wdmaud.drv
0x00007ffe6fbc0000 - 0x00007ffe6fbca000 	C:\WINDOWS\SYSTEM32\AVRT.dll
0x00007ffe3b9d0000 - 0x00007ffe3b9d9000 	C:\WINDOWS\SYSTEM32\ksuser.dll
0x00007ffe43140000 - 0x00007ffe432c2000 	C:\WINDOWS\SYSTEM32\AUDIOSES.DLL
0x00007ffe6ec60000 - 0x00007ffe6ec6d000 	C:\WINDOWS\SYSTEM32\msacm32.drv
0x00007ffe1acb0000 - 0x00007ffe1acce000 	C:\WINDOWS\SYSTEM32\MSACM32.dll
0x00007ffe6d560000 - 0x00007ffe6d56b000 	C:\WINDOWS\SYSTEM32\midimap.dll
0x00007ffe72d10000 - 0x00007ffe72d24000 	C:\WINDOWS\SYSTEM32\resourcepolicyclient.dll
0x00007ffe64710000 - 0x00007ffe64851000 	C:\Windows\System32\Windows.UI.dll
0x00007ffe63e60000 - 0x00007ffe63fb2000 	C:\Windows\System32\InputHost.dll
0x00007ffe64560000 - 0x00007ffe64601000 	C:\Windows\System32\WindowManagementAPI.dll
0x00007ffe712b0000 - 0x00007ffe713a6000 	C:\Windows\System32\PROPSYS.dll
0x00007ffe6de30000 - 0x00007ffe6e037000 	C:\WINDOWS\SYSTEM32\twinapi.appcore.dll

dbghelp: loaded successfully - version: 4.0.5 - missing functions: none
symbol engine: initialized successfully - sym options: 0x614 - pdb path: .;C:\Program Files\Java\jdk-21\bin;C:\WINDOWS\SYSTEM32;C:\Program Files\Avast Software\Avast;C:\WINDOWS\WinSxS\amd64_microsoft.windows.common-controls_6595b64144ccf1df_6.0.19041.3636_none_60b6a03d71f818d5;C:\Program Files\Java\jdk-21\bin\server;C:\WINDOWS\System32\DriverStore\FileRepository\u0382934.inf_amd64_cbf07db13ec1507d\B381983

VM Arguments:
jvm_args: -Dfile.encoding=UTF-8 -Dstdout.encoding=UTF-8 -Dstderr.encoding=UTF-8 -XX:+ShowCodeDetailsInExceptionMessages 
java_command: main.Main
java_class_path (initial): C:\Users\cedom\eclipse-workspace\Avanture_Crvenog\bin
Launcher Type: SUN_STANDARD

[Global flags]
     intx CICompilerCount                          = 3                                         {product} {ergonomic}
     uint ConcGCThreads                            = 1                                         {product} {ergonomic}
     uint G1ConcRefinementThreads                  = 4                                         {product} {ergonomic}
   size_t G1HeapRegionSize                         = 1048576                                   {product} {ergonomic}
    uintx GCDrainStackTargetSize                   = 64                                        {product} {ergonomic}
   size_t InitialHeapSize                          = 134217728                                 {product} {ergonomic}
   size_t MarkStackSize                            = 4194304                                   {product} {ergonomic}
   size_t MaxHeapSize                              = 2134900736                                {product} {ergonomic}
   size_t MaxNewSize                               = 1280311296                                {product} {ergonomic}
   size_t MinHeapDeltaBytes                        = 1048576                                   {product} {ergonomic}
   size_t MinHeapSize                              = 8388608                                   {product} {ergonomic}
    uintx NonNMethodCodeHeapSize                   = 5832780                                {pd product} {ergonomic}
    uintx NonProfiledCodeHeapSize                  = 122912730                              {pd product} {ergonomic}
    uintx ProfiledCodeHeapSize                     = 122912730                              {pd product} {ergonomic}
    uintx ReservedCodeCacheSize                    = 251658240                              {pd product} {ergonomic}
     bool SegmentedCodeCache                       = true                                      {product} {ergonomic}
     bool ShowCodeDetailsInExceptionMessages       = true                                   {manageable} {command line}
   size_t SoftMaxHeapSize                          = 2134900736                             {manageable} {ergonomic}
     bool UseCompressedOops                        = true                           {product lp64_product} {ergonomic}
     bool UseG1GC                                  = true                                      {product} {ergonomic}
     bool UseLargePagesIndividualAllocation        = false                                  {pd product} {ergonomic}

Logging:
Log output configuration:
 #0: stdout all=warning uptime,level,tags foldmultilines=false
 #1: stderr all=off uptime,level,tags foldmultilines=false

Environment Variables:
PATH=C:\Program Files\Common Files\Oracle\Java\javapath;C:\WINDOWS\system32;C:\WINDOWS;C:\WINDOWS\System32\Wbem;C:\WINDOWS\System32\WindowsPowerShell\v1.0\;C:\WINDOWS\System32\OpenSSH\;C:\Program Files (x86)\Microsoft SQL Server\160\Tools\Binn\;C:\Program Files\Microsoft SQL Server\160\Tools\Binn\;C:\Program Files\Microsoft SQL Server\Client SDK\ODBC\170\Tools\Binn\;C:\Program Files\Microsoft SQL Server\160\DTS\Binn\;C:\Program Files (x86)\Microsoft SQL Server\160\DTS\Binn\;C:\Program Files\Azure Data Studio\bin;C:\Program Files\Microsoft SQL Server\130\Tools\Binn\;C:\Program Files\Git\cmd;C:\Users\cedom\AppData\Local\Microsoft\WindowsApps;;C:\Program Files\Azure Data Studio\bin;C:\Users\cedom\AppData\Local\Programs\Microsoft VS Code\bin
USERNAME=cedom
OS=Windows_NT
PROCESSOR_IDENTIFIER=AMD64 Family 21 Model 48 Stepping 1, AuthenticAMD
TMP=C:\Users\cedom\AppData\Local\Temp
TEMP=C:\Users\cedom\AppData\Local\Temp




Periodic native trim disabled

---------------  S Y S T E M  ---------------

OS:
 Windows 10 , 64 bit Build 19041 (10.0.19041.3636)
OS uptime: 18 days 1:11 hours

CPU: total 4 (initial active 4) (4 cores per cpu, 1 threads per core) family 21 model 48 stepping 1 microcode 0x0, cx8, cmov, fxsr, mmx, 3dnowpref, sse, sse2, sse3, ssse3, sse4a, sse4.1, sse4.2, popcnt, lzcnt, tsc, tscinvbit, avx, aes, clmul, bmi1, fma, vzeroupper, clflush, rdtscp, f16c
Processor Information for all 4 processors :
  Max Mhz: 3500, Current Mhz: 3500, Mhz Limit: 3500

Memory: 4k page, system-wide physical 8138M (116M free)
TotalPageFile size 32714M (AvailPageFile size 0M)
current process WorkingSet (physical memory assigned to process): 175M, peak: 183M
current process commit charge ("private bytes"): 288M, peak: 300M

vm_info: Java HotSpot(TM) 64-Bit Server VM (21.0.1+12-LTS-29) for windows-amd64 JRE (21.0.1+12-LTS-29), built on 2023-10-05T13:27:09Z by "mach5one" with MS VC++ 17.1 (VS2022)

END.
